 #  Z     N         Q_20        Q_30       BE_LN
    92   158        0.00        0.00    -1782.1070
    92   158        0.00        3.00    -1784.7800
    92   158        0.00        6.00    -1786.9930
    92   158        0.00        9.00    -1783.2680
    92   158        0.00       12.00    -1774.3130
    92   158        0.00       15.00    -1763.8650
    92   158        0.00       18.00    -1752.4860
    92   158        0.00       21.00    -1741.9310
    92   158        0.00       24.00    -1731.3890
    92   158        0.00       27.00    -1719.6300
    92   158        0.00       30.00    -1707.2330
    92   158        0.00       33.00    -1693.9750
    92   158        0.00       36.00    -1694.5120
    92   158        0.00       39.00    -1685.8330
    92   158        0.00       42.00    -1677.8080
    92   158        0.00       45.00    -1667.7420
    92   158        0.00       48.00    -1654.7260
    92   158        0.00       51.00    -1639.4330
    92   158        0.00       54.00    -1634.6520
    92   158        0.00       57.00    -1630.9060
    92   158        0.00       60.00    -1624.2840
    92   158        8.00        0.00    -1785.2940
    92   158        8.00        3.00    -1786.9740
    92   158        8.00        6.00    -1786.7320
    92   158        8.00        9.00    -1785.0570
    92   158        8.00       12.00    -1777.3790
    92   158        8.00       15.00    -1767.7720
    92   158        8.00       18.00    -1757.6430
    92   158        8.00       21.00    -1747.9690
    92   158        8.00       24.00    -1738.5480
    92   158        8.00       27.00    -1728.1750
    92   158        8.00       30.00    -1716.2970
    92   158        8.00       33.00    -1703.2340
    92   158        8.00       36.00    -1699.3090
    92   158        8.00       39.00    -1692.1620
    92   158        8.00       42.00    -1685.2000
    92   158        8.00       45.00    -1676.7800
    92   158        8.00       48.00    -1665.4640
    92   158        8.00       51.00    -1650.6680
    92   158        8.00       54.00    -1634.6520
    92   158        8.00       57.00    -1630.9060
    92   158        8.00       60.00    -1633.8627
    92   158       16.00        0.00    -1793.9470
    92   158       16.00        3.00    -1793.9940
    92   158       16.00        6.00    -1791.5160
    92   158       16.00        9.00    -1786.7620
    92   158       16.00       12.00    -1779.2670
    92   158       16.00       15.00    -1769.2720
    92   158       16.00       18.00    -1761.1320
    92   158       16.00       21.00    -1754.0750
    92   158       16.00       24.00    -1745.3250
    92   158       16.00       27.00    -1735.4600
    92   158       16.00       30.00    -1724.3260
    92   158       16.00       33.00    -1711.8630
    92   158       16.00       36.00    -1698.4250
    92   158       16.00       39.00    -1697.7040
    92   158       16.00       42.00    -1691.4370
    92   158       16.00       45.00    -1684.0640
    92   158       16.00       48.00    -1673.7010
    92   158       16.00       51.00    -1660.4910
    92   158       16.00       54.00    -1645.4610
    92   158       16.00       57.00    -1630.9060
    92   158       16.00       60.00    -1636.8616
    92   158       24.00        0.00    -1802.6800
    92   158       24.00        3.00    -1802.0200
    92   158       24.00        6.00    -1798.0030
    92   158       24.00        9.00    -1790.7150
    92   158       24.00       12.00    -1782.1200
    92   158       24.00       15.00    -1773.4060
    92   158       24.00       18.00    -1764.8300
    92   158       24.00       21.00    -1758.8090
    92   158       24.00       24.00    -1751.2310
    92   158       24.00       27.00    -1742.0740
    92   158       24.00       30.00    -1731.5830
    92   158       24.00       33.00    -1719.2950
    92   158       24.00       36.00    -1706.7050
    92   158       24.00       39.00    -1704.9090
    92   158       24.00       42.00    -1697.5790
    92   158       24.00       45.00    -1689.9140
    92   158       24.00       48.00    -1680.3310
    92   158       24.00       51.00    -1668.7780
    92   158       24.00       54.00    -1655.5050
    92   158       24.00       57.00    -1641.5370
    92   158       24.00       60.00    -1637.6300
    92   158       32.00        0.00    -1804.7620
    92   158       32.00        3.00    -1804.7550
    92   158       32.00        6.00    -1802.5380
    92   158       32.00        9.00    -1796.7230
    92   158       32.00       12.00    -1788.7780
    92   158       32.00       15.00    -1779.5520
    92   158       32.00       18.00    -1769.4220
    92   158       32.00       21.00    -1761.6290
    92   158       32.00       24.00    -1755.0700
    92   158       32.00       27.00    -1746.7700
    92   158       32.00       30.00    -1737.2960
    92   158       32.00       33.00    -1726.0780
    92   158       32.00       36.00    -1719.4069
    92   158       32.00       39.00    -1713.5630
    92   158       32.00       42.00    -1703.6810
    92   158       32.00       45.00    -1695.8200
    92   158       32.00       48.00    -1685.9110
    92   158       32.00       51.00    -1676.3190
    92   158       32.00       54.00    -1664.7250
    92   158       32.00       57.00    -1653.3030
    92   158       32.00       60.00    -1641.4230
    92   158       40.00        0.00    -1799.8330
    92   158       40.00        3.00    -1800.3740
    92   158       40.00        6.00    -1800.9940
    92   158       40.00        9.00    -1799.6200
    92   158       40.00       12.00    -1795.0910
    92   158       40.00       15.00    -1787.0550
    92   158       40.00       18.00    -1776.1130
    92   158       40.00       21.00    -1765.5010
    92   158       40.00       24.00    -1757.5900
    92   158       40.00       27.00    -1750.0440
    92   158       40.00       30.00    -1741.3540
    92   158       40.00       33.00    -1732.3170
    92   158       40.00       36.00    -1727.4790
    92   158       40.00       39.00    -1720.8230
    92   158       40.00       42.00    -1712.0520
    92   158       40.00       45.00    -1700.4510
    92   158       40.00       48.00    -1691.7290
    92   158       40.00       51.00    -1684.6590
    92   158       40.00       54.00    -1674.5290
    92   158       40.00       57.00    -1460.1640
    92   158       40.00       60.00    -1652.1370
    92   158       48.00        0.00    -1793.6280
    92   158       48.00        3.00    -1793.7580
    92   158       48.00        6.00    -1794.9240
    92   158       48.00        9.00    -1796.2750
    92   158       48.00       12.00    -1796.0240
    92   158       48.00       15.00    -1792.4770
    92   158       48.00       18.00    -1783.8390
    92   158       48.00       21.00    -1772.2190
    92   158       48.00       24.00    -1760.9940
    92   158       48.00       27.00    -1752.8570
    92   158       48.00       30.00    -1745.2830
    92   158       48.00       33.00    -1737.7370
    92   158       48.00       36.00    -1728.3320
    92   158       48.00       39.00    -1717.1540
    92   158       48.00       42.00    -1718.7010
    92   158       48.00       45.00    -1703.9790
    92   158       48.00       48.00    -1699.2190
    92   158       48.00       51.00    -1693.3290
    92   158       48.00       54.00    -1684.7160
    92   158       48.00       57.00    -1673.6060
    92   158       48.00       60.00    -1661.5880
    92   158       56.00        0.00    -1793.5530
    92   158       56.00        3.00    -1792.3360
    92   158       56.00        6.00    -1790.5650
    92   158       56.00        9.00    -1791.5320
    92   158       56.00       12.00    -1792.3670
    92   158       56.00       15.00    -1791.8490
    92   158       56.00       18.00    -1788.3010
    92   158       56.00       21.00    -1780.0360
    92   158       56.00       24.00    -1769.1000
    92   158       56.00       27.00    -1758.1020
    92   158       56.00       30.00    -1749.6980
    92   158       56.00       33.00    -1742.8880
    92   158       56.00       36.00    -1735.7370
    92   158       56.00       39.00    -1733.6460
    92   158       56.00       42.00    -1728.7490
    92   158       56.00       45.00    -1720.3040
    92   158       56.00       48.00    -1708.1880
    92   158       56.00       51.00    -1703.2160
    92   158       56.00       54.00    -1697.1350
    92   158       56.00       57.00    -1688.9690
    92   158       56.00       60.00    -1677.7960
    92   158       64.00        0.00    -1795.1060
    92   158       64.00        3.00    -1793.8500
    92   158       64.00        6.00    -1790.5080
    92   158       64.00        9.00    -1788.4050
    92   158       64.00       12.00    -1787.5980
    92   158       64.00       15.00    -1787.8710
    92   158       64.00       18.00    -1788.0350
    92   158       64.00       21.00    -1785.0040
    92   158       64.00       24.00    -1778.1170
    92   158       64.00       27.00    -1766.7590
    92   158       64.00       30.00    -1755.0560
    92   158       64.00       33.00    -1747.0140
    92   158       64.00       36.00    -1740.5260
    92   158       64.00       39.00    -1733.1810
    92   158       64.00       42.00    -1726.8970
    92   158       64.00       45.00    -1727.7573
    92   158       64.00       48.00    -1719.5610
    92   158       64.00       51.00    -1712.0190
    92   158       64.00       54.00    -1707.0910
    92   158       64.00       57.00    -1700.2460
    92   158       64.00       60.00    -1692.0240
    92   158       72.00        0.00    -1798.6130
    92   158       72.00        3.00    -1796.3850
    92   158       72.00        6.00    -1792.0020
    92   158       72.00        9.00    -1788.9900
    92   158       72.00       12.00    -1785.8470
    92   158       72.00       15.00    -1783.7330
    92   158       72.00       18.00    -1784.1640
    92   158       72.00       21.00    -1784.3510
    92   158       72.00       24.00    -1781.9650
    92   158       72.00       27.00    -1774.9910
    92   158       72.00       30.00    -1763.2250
    92   158       72.00       33.00    -1753.0320
    92   158       72.00       36.00    -1744.5720
    92   158       72.00       39.00    -1737.7220
    92   158       72.00       42.00    -1729.3690
    92   158       72.00       45.00    -1730.9490
    92   158       72.00       48.00    -1727.1770
    92   158       72.00       51.00    -1720.5480
    92   158       72.00       54.00    -1714.1090
    92   158       72.00       57.00    -1708.1230
    92   158       72.00       60.00    -1700.5890
    92   158       80.00        0.00    -1801.2750
    92   158       80.00        3.00    -1799.3490
    92   158       80.00        6.00    -1794.4540
    92   158       80.00        9.00    -1790.6480
    92   158       80.00       12.00    -1787.1760
    92   158       80.00       15.00    -1783.1250
    92   158       80.00       18.00    -1780.5940
    92   158       80.00       21.00    -1780.9340
    92   158       80.00       24.00    -1780.3850
    92   158       80.00       27.00    -1777.5920
    92   158       80.00       30.00    -1770.9610
    92   158       80.00       33.00    -1761.2900
    92   158       80.00       36.00    -1750.5370
    92   158       80.00       39.00    -1741.6960
    92   158       80.00       42.00    -1734.0460
    92   158       80.00       45.00    -1737.2730
    92   158       80.00       48.00    -1733.4740
    92   158       80.00       51.00    -1729.1820
    92   158       80.00       54.00    -1721.6430
    92   158       80.00       57.00    -1713.9480
    92   158       80.00       60.00    -1706.6970
    92   158       88.00        0.00    -1801.2470
    92   158       88.00        3.00    -1799.7640
    92   158       88.00        6.00    -1796.3580
    92   158       88.00        9.00    -1791.8340
    92   158       88.00       12.00    -1788.4770
    92   158       88.00       15.00    -1784.9620
    92   158       88.00       18.00    -1780.3940
    92   158       88.00       21.00    -1778.1150
    92   158       88.00       24.00    -1777.6300
    92   158       88.00       27.00    -1776.2740
    92   158       88.00       30.00    -1773.5590
    92   158       88.00       33.00    -1767.9710
    92   158       88.00       36.00    -1758.1990
    92   158       88.00       39.00    -1746.9320
    92   158       88.00       42.00    -1738.0490
    92   158       88.00       45.00    -1736.1840
    92   158       88.00       48.00    -1738.6490
    92   158       88.00       51.00    -1734.4560
    92   158       88.00       54.00    -1729.6380
    92   158       88.00       57.00    -1720.6970
    92   158       88.00       60.00    -1712.2880
    92   158       96.00        0.00    -1799.3280
    92   158       96.00        3.00    -1798.7140
    92   158       96.00        6.00    -1796.9550
    92   158       96.00        9.00    -1793.7290
    92   158       96.00       12.00    -1789.3050
    92   158       96.00       15.00    -1786.0210
    92   158       96.00       18.00    -1782.1820
    92   158       96.00       21.00    -1777.5730
    92   158       96.00       24.00    -1775.8400
    92   158       96.00       27.00    -1772.8880
    92   158       96.00       30.00    -1771.9110
    92   158       96.00       33.00    -1769.6540
    92   158       96.00       36.00    -1763.9880
    92   158       96.00       39.00    -1753.7270
    92   158       96.00       42.00    -1742.5680
    92   158       96.00       45.00    -1740.8190
    92   158       96.00       48.00    -1743.3256
    92   158       96.00       51.00    -1736.7660
    92   158       96.00       54.00    -1734.3920
    92   158       96.00       57.00    -1727.9490
    92   158       96.00       60.00    -1717.6940
    92   158      104.00        0.00    -1797.6610
    92   158      104.00        3.00    -1797.5750
    92   158      104.00        6.00    -1796.9130
    92   158      104.00        9.00    -1794.8920
    92   158      104.00       12.00    -1791.0110
    92   158      104.00       15.00    -1786.5930
    92   158      104.00       18.00    -1783.1860
    92   158      104.00       21.00    -1778.7640
    92   158      104.00       24.00    -1773.6460
    92   158      104.00       27.00    -1772.5590
    92   158      104.00       30.00    -1770.8230
    92   158      104.00       33.00    -1768.7860
    92   158      104.00       36.00    -1765.5270
    92   158      104.00       39.00    -1759.0450
    92   158      104.00       42.00    -1748.8390
    92   158      104.00       45.00    -1741.2960
    92   158      104.00       48.00    -1743.5030
    92   158      104.00       51.00    -1740.2959
    92   158      104.00       54.00    -1736.4440
    92   158      104.00       57.00    -1732.7470
    92   158      104.00       60.00    -1721.7080
    92   158      112.00        0.00    -1796.2490
    92   158      112.00        3.00    -1796.4130
    92   158      112.00        6.00    -1796.5550
    92   158      112.00        9.00    -1795.7530
    92   158      112.00       12.00    -1793.0750
    92   158      112.00       15.00    -1788.9120
    92   158      112.00       18.00    -1784.5290
    92   158      112.00       21.00    -1780.3200
    92   158      112.00       24.00    -1775.1460
    92   158      112.00       27.00    -1772.3680
    92   158      112.00       30.00    -1770.9160
    92   158      112.00       33.00    -1769.0300
    92   158      112.00       36.00    -1767.3140
    92   158      112.00       39.00    -1763.0990
    92   158      112.00       42.00    -1755.6690
    92   158      112.00       45.00    -1747.0290
    92   158      112.00       48.00    -1739.8260
    92   158      112.00       51.00    -1745.3195
    92   158      112.00       54.00    -1740.5090
    92   158      112.00       57.00    -1735.9960
    92   158      112.00       60.00    -1729.8240
    92   158      120.00        0.00    -1795.8650
    92   158      120.00        3.00    -1796.0140
    92   158      120.00        6.00    -1796.2940
    92   158      120.00        9.00    -1796.3050
    92   158      120.00       12.00    -1794.9840
    92   158      120.00       15.00    -1791.7240
    92   158      120.00       18.00    -1787.2580
    92   158      120.00       21.00    -1782.3060
    92   158      120.00       24.00    -1777.5140
    92   158      120.00       27.00    -1772.7550
    92   158      120.00       30.00    -1771.1380
    92   158      120.00       33.00    -1769.2600
    92   158      120.00       36.00    -1767.8030
    92   158      120.00       39.00    -1766.3380
    92   158      120.00       42.00    -1762.2430
    92   158      120.00       45.00    -1755.8100
    92   158      120.00       48.00    -1747.6710
    92   158      120.00       51.00    -1750.8828
    92   158      120.00       54.00    -1746.9200
    92   158      120.00       57.00    -1743.9670
    92   158      120.00       60.00    -1740.3190
    92   158      128.00        0.00    -1793.9210
    92   158      128.00        3.00    -1792.5840
    92   158      128.00        6.00    -1795.3940
    92   158      128.00        9.00    -1796.3450
    92   158      128.00       12.00    -1795.9530
    92   158      128.00       15.00    -1793.5930
    92   158      128.00       18.00    -1790.1280
    92   158      128.00       21.00    -1785.3270
    92   158      128.00       24.00    -1779.8260
    92   158      128.00       27.00    -1774.4476
    92   158      128.00       30.00    -1771.6740
    92   158      128.00       33.00    -1769.6830
    92   158      128.00       36.00    -1767.7250
    92   158      128.00       39.00    -1766.6230
    92   158      128.00       42.00    -1765.0650
    92   158      128.00       45.00    -1761.1660
    92   158      128.00       48.00    -1755.4780
    92   158      128.00       51.00    -1756.0320
    92   158      128.00       54.00    -1751.9044
    92   158      128.00       57.00    -1747.8930
    92   158      128.00       60.00    -1745.3120
    92   158      136.00        0.00    -1790.9950
    92   158      136.00        3.00    -1791.7510
    92   158      136.00        6.00    -1794.4190
    92   158      136.00        9.00    -1796.0850
    92   158      136.00       12.00    -1796.6270
    92   158      136.00       15.00    -1795.0480
    92   158      136.00       18.00    -1791.7060
    92   158      136.00       21.00    -1788.0930
    92   158      136.00       24.00    -1782.8620
    92   158      136.00       27.00    -1777.1570
    92   158      136.00       30.00    -1772.9520
    92   158      136.00       33.00    -1766.7660
    92   158      136.00       36.00    -1768.3850
    92   158      136.00       39.00    -1766.3940
    92   158      136.00       42.00    -1765.1280
    92   158      136.00       45.00    -1763.3620
    92   158      136.00       48.00    -1759.8410
    92   158      136.00       51.00    -1759.2040
    92   158      136.00       54.00    -1755.7350
    92   158      136.00       57.00    -1749.6810
    92   158      136.00       60.00    -1747.8160
    92   158      144.00        0.00    -1790.7480
    92   158      144.00        3.00    -1791.3270
    92   158      144.00        6.00    -1793.9700
    92   158      144.00        9.00    -1796.3030
    92   158      144.00       12.00    -1797.3230
    92   158      144.00       15.00    -1796.2550
    92   158      144.00       18.00    -1793.5620
    92   158      144.00       21.00    -1789.8930
    92   158      144.00       24.00    -1785.8620
    92   158      144.00       27.00    -1780.3460
    92   158      144.00       30.00    -1775.3560
    92   158      144.00       33.00    -1771.6730
    92   158      144.00       36.00    -1769.4020
    92   158      144.00       39.00    -1767.6190
    92   158      144.00       42.00    -1765.6760
    92   158      144.00       45.00    -1763.6950
    92   158      144.00       48.00    -1761.7950
    92   158      144.00       51.00    -1758.6870
    92   158      144.00       54.00    -1759.9640
    92   158      144.00       57.00    -1754.6483
    92   158      144.00       60.00    -1750.4030
    92   158      152.00        0.00    -1790.6780
    92   158      152.00        3.00    -1791.0640
    92   158      152.00        6.00    -1793.1660
    92   158      152.00        9.00    -1795.9450
    92   158      152.00       12.00    -1797.9290
    92   158      152.00       15.00    -1797.7110
    92   158      152.00       18.00    -1795.3810
    92   158      152.00       21.00    -1791.9510
    92   158      152.00       24.00    -1788.0730
    92   158      152.00       27.00    -1783.3660
    92   158      152.00       30.00    -1778.2510
    92   158      152.00       33.00    -1773.6490
    92   158      152.00       36.00    -1770.1580
    92   158      152.00       39.00    -1768.2300
    92   158      152.00       42.00    -1766.8660
    92   158      152.00       45.00    -1764.4890
    92   158      152.00       48.00    -1761.7140
    92   158      152.00       51.00    -1759.1390
    92   158      152.00       54.00    -1762.7420
    92   158      152.00       57.00    -1759.8460
    92   158      152.00       60.00    -1754.1440
    92   158      160.00        0.00    -1790.7480
    92   158      160.00        3.00    -1790.9990
    92   158      160.00        6.00    -1792.2970
    92   158      160.00        9.00    -1795.3500
    92   158      160.00       12.00    -1797.8810
    92   158      160.00       15.00    -1798.7130
    92   158      160.00       18.00    -1797.2900
    92   158      160.00       21.00    -1794.0850
    92   158      160.00       24.00    -1790.4230
    92   158      160.00       27.00    -1786.1400
    92   158      160.00       30.00    -1781.0630
    92   158      160.00       33.00    -1775.4010
    92   158      160.00       36.00    -1771.1710
    92   158      160.00       39.00    -1768.8910
    92   158      160.00       42.00    -1767.6310
    92   158      160.00       45.00    -1766.0920
    92   158      160.00       48.00    -1763.0360
    92   158      160.00       51.00    -1759.7340
    92   158      160.00       54.00    -1756.8320
    92   158      160.00       57.00    -1762.6180
    92   158      160.00       60.00    -1758.6260
    92   158      168.00        0.00    -1791.2030
    92   158      168.00        3.00    -1791.4970
    92   158      168.00        6.00    -1792.5660
    92   158      168.00        9.00    -1794.7510
    92   158      168.00       12.00    -1797.5280
    92   158      168.00       15.00    -1799.2190
    92   158      168.00       18.00    -1798.9130
    92   158      168.00       21.00    -1796.3690
    92   158      168.00       24.00    -1792.6680
    92   158      168.00       27.00    -1788.7440
    92   158      168.00       30.00    -1784.0930
    92   158      168.00       33.00    -1778.7540
    92   158      168.00       36.00    -1774.1790
    92   158      168.00       39.00    -1770.0680
    92   158      168.00       42.00    -1768.0630
    92   158      168.00       45.00    -1766.9810
    92   158      168.00       48.00    -1764.6150
    92   158      168.00       51.00    -1760.7590
    92   158      168.00       54.00    -1756.6810
    92   158      168.00       57.00    -1763.6470
    92   158      168.00       60.00    -1761.4960
    92   158      176.00        0.00    -1791.7790
    92   158      176.00        3.00    -1792.5330
    92   158      176.00        6.00    -1793.5720
    92   158      176.00        9.00    -1793.9770
    92   158      176.00       12.00    -1797.2570
    92   158      176.00       15.00    -1799.6340
    92   158      176.00       18.00    -1800.2850
    92   158      176.00       21.00    -1798.6640
    92   158      176.00       24.00    -1795.0280
    92   158      176.00       27.00    -1791.1980
    92   158      176.00       30.00    -1786.8960
    92   158      176.00       33.00    -1781.9420
    92   158      176.00       36.00    -1776.4590
    92   158      176.00       39.00    -1771.9490
    92   158      176.00       42.00    -1768.5440
    92   158      176.00       45.00    -1767.6850
    92   158      176.00       48.00    -1765.7480
    92   158      176.00       51.00    -1762.3900
    92   158      176.00       54.00    -1757.7940
    92   158      176.00       57.00    -1753.0700
    92   158      176.00       60.00    -1763.9330
    92   158      184.00        0.00    -1792.9010
    92   158      184.00        3.00    -1793.7690
    92   158      184.00        6.00    -1794.7760
    92   158      184.00        9.00    -1795.0840
    92   158      184.00       12.00    -1796.9210
    92   158      184.00       15.00    -1799.7350
    92   158      184.00       18.00    -1801.2320
    92   158      184.00       21.00    -1800.6080
    92   158      184.00       24.00    -1797.4910
    92   158      184.00       27.00    -1793.7310
    92   158      184.00       30.00    -1789.9810
    92   158      184.00       33.00    -1785.5310
    92   158      184.00       36.00    -1780.2590
    92   158      184.00       39.00    -1774.4220
    92   158      184.00       42.00    -1769.4220
    92   158      184.00       45.00    -1769.0320
    92   158      184.00       48.00    -1767.6220
    92   158      184.00       51.00    -1765.0000
    92   158      184.00       54.00    -1760.9800
    92   158      184.00       57.00    -1756.5670
    92   158      184.00       60.00    -1765.3965
    92   158      192.00        0.00    -1793.6110
    92   158      192.00        3.00    -1794.3170
    92   158      192.00        6.00    -1795.3800
    92   158      192.00        9.00    -1795.8990
    92   158      192.00       12.00    -1796.2990
    92   158      192.00       15.00    -1799.4750
    92   158      192.00       18.00    -1801.5170
    92   158      192.00       21.00    -1801.7810
    92   158      192.00       24.00    -1799.6430
    92   158      192.00       27.00    -1795.4110
    92   158      192.00       30.00    -1792.1060
    92   158      192.00       33.00    -1788.3580
    92   158      192.00       36.00    -1783.3780
    92   158      192.00       39.00    -1777.7100
    92   158      192.00       42.00    -1772.4190
    92   158      192.00       45.00    -1770.5870
    92   158      192.00       48.00    -1768.4500
    92   158      192.00       51.00    -1766.1770
    92   158      192.00       54.00    -1762.4590
    92   158      192.00       57.00    -1766.2810
    92   158      192.00       60.00    -1766.8040
    92   158      200.00        0.00    -1794.5050
    92   158      200.00        3.00    -1794.8060
    92   158      200.00        6.00    -1795.7280
    92   158      200.00        9.00    -1796.5320
    92   158      200.00       12.00    -1795.8080
    92   158      200.00       15.00    -1799.1370
    92   158      200.00       18.00    -1801.6030
    92   158      200.00       21.00    -1802.3570
    92   158      200.00       24.00    -1801.4240
    92   158      200.00       27.00    -1797.3800
    92   158      200.00       30.00    -1794.3680
    92   158      200.00       33.00    -1791.1550
    92   158      200.00       36.00    -1787.0940
    92   158      200.00       39.00    -1781.8460
    92   158      200.00       42.00    -1774.8960
    92   158      200.00       45.00    -1772.8660
    92   158      200.00       48.00    -1770.1544
    92   158      200.00       51.00    -1768.1960
    92   158      200.00       54.00    -1765.5610
    92   158      200.00       57.00    -1761.4480
    92   158      200.00       60.00    -1769.3070
    92   158      208.00        0.00    -1795.6700
    92   158      208.00        3.00    -1795.6160
    92   158      208.00        6.00    -1795.9780
    92   158      208.00        9.00    -1796.5970
    92   158      208.00       12.00    -1795.3130
    92   158      208.00       15.00    -1798.6040
    92   158      208.00       18.00    -1801.5680
    92   158      208.00       21.00    -1802.6670
    92   158      208.00       24.00    -1802.4500
    92   158      208.00       27.00    -1799.6430
    92   158      208.00       30.00    -1796.0680
    92   158      208.00       33.00    -1793.1780
    92   158      208.00       36.00    -1789.6390
    92   158      208.00       39.00    -1784.8320
    92   158      208.00       42.00    -1778.9880
    92   158      208.00       45.00    -1774.6300
    92   158      208.00       48.00    -1772.3350
    92   158      208.00       51.00    -1769.5080
    92   158      208.00       54.00    -1766.7650
    92   158      208.00       57.00    -1773.7870
    92   158      208.00       60.00    -1772.5810
    92   158      216.00        0.00    -1796.4640
    92   158      216.00        3.00    -1796.3380
    92   158      216.00        6.00    -1796.2180
    92   158      216.00        9.00    -1796.4530
    92   158      216.00       12.00    -1794.5730
    92   158      216.00       15.00    -1798.0160
    92   158      216.00       18.00    -1801.2900
    92   158      216.00       21.00    -1803.0600
    92   158      216.00       24.00    -1803.1250
    92   158      216.00       27.00    -1801.3310
    92   158      216.00       30.00    -1797.2560
    92   158      216.00       33.00    -1794.7580
    92   158      216.00       36.00    -1791.8720
    92   158      216.00       39.00    -1787.5780
    92   158      216.00       42.00    -1777.4320
    92   158      216.00       45.00    -1773.8990
    92   158      216.00       48.00    -1774.1320
    92   158      216.00       51.00    -1771.5370
    92   158      216.00       54.00    -1768.4470
    92   158      216.00       57.00    -1777.6870
    92   158      216.00       60.00    -1775.9630
    92   158      224.00        0.00    -1797.0140
    92   158      224.00        3.00    -1796.8600
    92   158      224.00        6.00    -1796.4950
    92   158      224.00        9.00    -1796.3290
    92   158      224.00       12.00    -1794.2490
    92   158      224.00       15.00    -1797.4700
    92   158      224.00       18.00    -1800.8550
    92   158      224.00       21.00    -1803.2640
    92   158      224.00       24.00    -1803.9730
    92   158      224.00       27.00    -1802.5880
    92   158      224.00       30.00    -1799.5590
    92   158      224.00       33.00    -1796.2030
    92   158      224.00       36.00    -1793.7630
    92   158      224.00       39.00    -1790.6670
    92   158      224.00       42.00    -1780.5250
    92   158      224.00       45.00    -1778.0440
    92   158      224.00       48.00    -1775.9160
    92   158      224.00       51.00    -1773.6850
    92   158      224.00       54.00    -1771.0280
    92   158      224.00       57.00    -1781.5350
    92   158      224.00       60.00    -1779.5830
    92   158      232.00        0.00    -1797.6980
    92   158      232.00        3.00    -1797.5360
    92   158      232.00        6.00    -1796.9290
    92   158      232.00        9.00    -1796.3560
    92   158      232.00       12.00    -1796.1880
    92   158      232.00       15.00    -1796.8980
    92   158      232.00       18.00    -1800.3160
    92   158      232.00       21.00    -1803.0890
    92   158      232.00       24.00    -1804.5790
    92   158      232.00       27.00    -1803.6600
    92   158      232.00       30.00    -1801.3000
    92   158      232.00       33.00    -1797.7990
    92   158      232.00       36.00    -1794.8150
    92   158      232.00       39.00    -1792.3420
    92   158      232.00       42.00    -1788.4510
    92   158      232.00       45.00    -1782.6920
    92   158      232.00       48.00    -1776.3850
    92   158      232.00       51.00    -1775.2670
    92   158      232.00       54.00    -1772.8150
    92   158      232.00       57.00    -1785.2594
    92   158      232.00       60.00    -1783.5330
    92   158      240.00        0.00    -1798.4370
    92   158      240.00        3.00    -1798.2810
    92   158      240.00        6.00    -1797.6000
    92   158      240.00        9.00    -1796.6200
    92   158      240.00       12.00    -1796.3190
    92   158      240.00       15.00    -1796.7440
    92   158      240.00       18.00    -1799.8130
    92   158      240.00       21.00    -1802.8030
    92   158      240.00       24.00    -1804.8910
    92   158      240.00       27.00    -1804.7920
    92   158      240.00       30.00    -1802.8900
    92   158      240.00       33.00    -1800.0490
    92   158      240.00       36.00    -1796.5180
    92   158      240.00       39.00    -1793.8950
    92   158      240.00       42.00    -1790.8760
    92   158      240.00       45.00    -1786.1290
    92   158      240.00       48.00    -1779.6830
    92   158      240.00       51.00    -1777.1190
    92   158      240.00       54.00    -1774.7260
    92   158      240.00       57.00    -1787.7430
    92   158      240.00       60.00    -1787.5070
    92   158      248.00        0.00    -1798.8630
    92   158      248.00        3.00    -1798.7080
    92   158      248.00        6.00    -1798.1030
    92   158      248.00        9.00    -1797.0280
    92   158      248.00       12.00    -1796.2980
    92   158      248.00       15.00    -1796.5500
    92   158      248.00       18.00    -1799.2650
    92   158      248.00       21.00    -1802.3030
    92   158      248.00       24.00    -1804.7130
    92   158      248.00       27.00    -1805.4810
    92   158      248.00       30.00    -1804.0010
    92   158      248.00       33.00    -1801.8640
    92   158      248.00       36.00    -1798.4660
    92   158      248.00       39.00    -1795.1150
    92   158      248.00       42.00    -1792.2280
    92   158      248.00       45.00    -1789.3360
    92   158      248.00       48.00    -1790.7220
    92   158      248.00       51.00    -1790.8280
    92   158      248.00       54.00    -1790.9240
    92   158      248.00       57.00    -1790.9340
    92   158      248.00       60.00    -1790.8570
    92   158      256.00        0.00    -1791.6350
    92   158      256.00        3.00    -1799.0080
    92   158      256.00        6.00    -1798.5020
    92   158      256.00        9.00    -1797.5480
    92   158      256.00       12.00    -1796.3960
    92   158      256.00       15.00    -1796.5470
    92   158      256.00       18.00    -1798.9550
    92   158      256.00       21.00    -1801.8050
    92   158      256.00       24.00    -1804.3680
    92   158      256.00       27.00    -1805.8230
    92   158      256.00       30.00    -1805.0190
    92   158      256.00       33.00    -1803.3170
    92   158      256.00       36.00    -1800.5650
    92   158      256.00       39.00    -1797.3070
    92   158      256.00       42.00    -1794.3370
    92   158      256.00       45.00    -1791.3530
    92   158      256.00       48.00    -1786.8870
    92   158      256.00       51.00    -1780.7390
    92   158      256.00       54.00    -1778.3350
    92   158      256.00       57.00    -1793.5260
    92   158      256.00       60.00    -1794.5126
    92   158      264.00        0.00    -1792.0600
    92   158      264.00        3.00    -1799.3570
    92   158      264.00        6.00    -1798.8010
    92   158      264.00        9.00    -1797.9760
    92   158      264.00       12.00    -1796.7230
    92   158      264.00       15.00    -1796.7470
    92   158      264.00       18.00    -1798.7060
    92   158      264.00       21.00    -1801.2970
    92   158      264.00       24.00    -1803.8820
    92   158      264.00       27.00    -1805.7830
    92   158      264.00       30.00    -1805.8570
    92   158      264.00       33.00    -1804.5080
    92   158      264.00       36.00    -1802.3020
    92   158      264.00       39.00    -1799.2990
    92   158      264.00       42.00    -1796.1850
    92   158      264.00       45.00    -1793.0090
    92   158      264.00       48.00    -1789.1790
    92   158      264.00       51.00    -1782.9780
    92   158      264.00       54.00    -1780.3240
    92   158      264.00       57.00    -1777.4540
    92   158      264.00       60.00    -1796.3410
    92   158      272.00        0.00    -1792.4210
    92   158      272.00        3.00    -1799.5620
    92   158      272.00        6.00    -1799.1620
    92   158      272.00        9.00    -1798.2760
    92   158      272.00       12.00    -1797.0570
    92   158      272.00       15.00    -1797.0370
    92   158      272.00       18.00    -1798.5800
    92   158      272.00       21.00    -1800.8830
    92   158      272.00       24.00    -1803.3260
    92   158      272.00       27.00    -1805.4580
    92   158      272.00       30.00    -1806.2940
    92   158      272.00       33.00    -1805.5180
    92   158      272.00       36.00    -1803.7250
    92   158      272.00       39.00    -1801.1210
    92   158      272.00       42.00    -1798.4530
    92   158      272.00       45.00    -1795.4820
    92   158      272.00       48.00    -1792.3710
    92   158      272.00       51.00    -1788.2610
    92   158      272.00       54.00    -1782.1510
    92   158      272.00       57.00    -1779.8410
    92   158      272.00       60.00    -1798.1960
    92   158      280.00        0.00    -1799.2740
    92   158      280.00        3.00    -1799.5350
    92   158      280.00        6.00    -1799.4070
    92   158      280.00        9.00    -1798.6120
    92   158      280.00       12.00    -1797.2980
    92   158      280.00       15.00    -1797.3380
    92   158      280.00       18.00    -1798.6820
    92   158      280.00       21.00    -1800.5240
    92   158      280.00       24.00    -1802.7800
    92   158      280.00       27.00    -1804.9670
    92   158      280.00       30.00    -1806.2970
    92   158      280.00       33.00    -1806.1990
    92   158      280.00       36.00    -1805.0730
    92   158      280.00       39.00    -1802.4820
    92   158      280.00       42.00    -1800.0090
    92   158      280.00       45.00    -1797.3260
    92   158      280.00       48.00    -1793.9940
    92   158      280.00       51.00    -1790.1180
    92   158      280.00       54.00    -1784.8430
    92   158      280.00       57.00    -1780.9650
    92   158      280.00       60.00    -1800.5560
    92   158      288.00        0.00    -1799.3980
    92   158      288.00        3.00    -1799.4980
    92   158      288.00        6.00    -1799.5670
    92   158      288.00        9.00    -1798.9810
    92   158      288.00       12.00    -1796.5690
    92   158      288.00       15.00    -1797.7640
    92   158      288.00       18.00    -1799.0270
    92   158      288.00       21.00    -1800.3870
    92   158      288.00       24.00    -1802.4330
    92   158      288.00       27.00    -1804.5540
    92   158      288.00       30.00    -1806.1600
    92   158      288.00       33.00    -1806.6780
    92   158      288.00       36.00    -1806.1920
    92   158      288.00       39.00    -1804.1660
    92   158      288.00       42.00    -1801.5720
    92   158      288.00       45.00    -1799.0950
    92   158      288.00       48.00    -1796.0440
    92   158      288.00       51.00    -1792.2000
    92   158      288.00       54.00    -1787.1860
    92   158      288.00       57.00    -1782.8512
    92   158      288.00       60.00    -1775.7940
    92   158      296.00        0.00    -1799.7900
    92   158      296.00        3.00    -1799.5580
    92   158      296.00        6.00    -1799.4730
    92   158      296.00        9.00    -1799.1350
    92   158      296.00       12.00    -1796.9330
    92   158      296.00       15.00    -1798.1040
    92   158      296.00       18.00    -1799.2820
    92   158      296.00       21.00    -1800.3630
    92   158      296.00       24.00    -1802.2270
    92   158      296.00       27.00    -1803.9580
    92   158      296.00       30.00    -1805.8830
    92   158      296.00       33.00    -1806.7660
    92   158      296.00       36.00    -1806.8880
    92   158      296.00       39.00    -1805.7950
    92   158      296.00       42.00    -1803.4080
    92   158      296.00       45.00    -1800.7520
    92   158      296.00       48.00    -1798.2460
    92   158      296.00       51.00    -1794.9340
    92   158      296.00       54.00    -1789.7260
    92   158      296.00       57.00    -1785.9560
    92   158      296.00       60.00    -1804.4600
    92   158      304.00        0.00    -1800.2230
    92   158      304.00        3.00    -1799.9940
    92   158      304.00        6.00    -1799.4940
    92   158      304.00        9.00    -1799.1030
    92   158      304.00       12.00    -1797.1830
    92   158      304.00       15.00    -1798.3230
    92   158      304.00       18.00    -1799.4250
    92   158      304.00       21.00    -1800.4220
    92   158      304.00       24.00    -1806.0250
    92   158      304.00       27.00    -1804.4800
    92   158      304.00       30.00    -1805.2390
    92   158      304.00       33.00    -1806.5710
    92   158      304.00       36.00    -1807.0850
    92   158      304.00       39.00    -1806.7370
    92   158      304.00       42.00    -1805.0130
    92   158      304.00       45.00    -1802.3970
    92   158      304.00       48.00    -1799.5760
    92   158      304.00       51.00    -1796.6760
    92   158      304.00       54.00    -1792.8670
    92   158      304.00       57.00    -1788.1630
    92   158      304.00       60.00    -1782.6410
    92   158      312.00        0.00    -1800.6500
    92   158      312.00        3.00    -1800.5120
    92   158      312.00        6.00    -1799.9590
    92   158      312.00        9.00    -1799.1350
    92   158      312.00       12.00    -1797.3460
    92   158      312.00       15.00    -1798.4530
    92   158      312.00       18.00    -1799.5050
    92   158      312.00       21.00    -1800.5040
    92   158      312.00       24.00    -1808.4960
    92   158      312.00       27.00    -1808.3510
    92   158      312.00       30.00    -1806.0330
    92   158      312.00       33.00    -1806.3660
    92   158      312.00       36.00    -1807.0170
    92   158      312.00       39.00    -1807.1820
    92   158      312.00       42.00    -1806.2210
    92   158      312.00       45.00    -1804.0000
    92   158      312.00       48.00    -1801.1460
    92   158      312.00       51.00    -1798.0530
    92   158      312.00       54.00    -1794.6370
    92   158      312.00       57.00    -1790.0180
    92   158      312.00       60.00    -1771.4852
    92   158      320.00        0.00    -1801.0100
    92   158      320.00        3.00    -1800.9150
    92   158      320.00        6.00    -1800.4350
    92   158      320.00        9.00    -1799.3840
    92   158      320.00       12.00    -1797.4300
    92   158      320.00       15.00    -1798.5050
    92   158      320.00       18.00    -1799.5100
    92   158      320.00       21.00    -1800.5430
    92   158      320.00       24.00    -1810.8060
    92   158      320.00       27.00    -1810.7060
    92   158      320.00       30.00    -1810.4000
    92   158      320.00       33.00    -1807.0790
    92   158      320.00       36.00    -1806.8070
    92   158      320.00       39.00    -1807.2470
    92   158      320.00       42.00    -1806.8970
    92   158      320.00       45.00    -1805.3320
    92   158      320.00       48.00    -1802.7510
    92   158      320.00       51.00    -1799.5790
    92   158      320.00       54.00    -1796.0650
    92   158      320.00       57.00    -1791.8280
    92   158      320.00       60.00    -1781.0184
    92   158      328.00        0.00    -1801.3210
    92   158      328.00        3.00    -1801.4910
    92   158      328.00        6.00    -1800.9280
    92   158      328.00        9.00    -1799.9970
    92   158      328.00       12.00    -1799.1550
    92   158      328.00       15.00    -1798.6890
    92   158      328.00       18.00    -1799.6020
    92   158      328.00       21.00    -1799.0300
    92   158      328.00       24.00    -1813.1000
    92   158      328.00       27.00    -1813.2130
    92   158      328.00       30.00    -1813.0700
    92   158      328.00       33.00    -1808.3710
    92   158      328.00       36.00    -1807.9060
    92   158      328.00       39.00    -1807.6450
    92   158      328.00       42.00    -1807.7000
    92   158      328.00       45.00    -1806.9050
    92   158      328.00       48.00    -1804.9980
    92   158      328.00       51.00    -1802.3690
    92   158      328.00       54.00    -1799.1790
    92   158      328.00       57.00    -1795.7130
    92   158      328.00       60.00    -1791.5730
    92   158      336.00        0.00    -1803.7400
    92   158      336.00        3.00    -1803.9060
    92   158      336.00        6.00    -1801.1280
    92   158      336.00        9.00    -1800.3310
    92   158      336.00       12.00    -1799.5300
    92   158      336.00       15.00    -1798.9650
    92   158      336.00       18.00    -1799.5600
    92   158      336.00       21.00    -1800.6330
    92   158      336.00       24.00    -1815.1910
    92   158      336.00       27.00    -1815.5310
    92   158      336.00       30.00    -1815.4800
    92   158      336.00       33.00    -1814.8760
    92   158      336.00       36.00    -1809.2220
    92   158      336.00       39.00    -1807.9510
    92   158      336.00       42.00    -1808.0700
    92   158      336.00       45.00    -1807.3670
    92   158      336.00       48.00    -1806.0470
    92   158      336.00       51.00    -1803.7860
    92   158      336.00       54.00    -1800.8860
    92   158      336.00       57.00    -1797.2800
    92   158      336.00       60.00    -1793.4590
    92   158      344.00        0.00    -1806.1190
    92   158      344.00        3.00    -1806.2820
    92   158      344.00        6.00    -1806.6820
    92   158      344.00        9.00    -1800.6190
    92   158      344.00       12.00    -1798.1409
    92   158      344.00       15.00    -1799.2760
    92   158      344.00       18.00    -1798.3030
    92   158      344.00       21.00    -1800.6630
    92   158      344.00       24.00    -1817.6542
    92   158      344.00       27.00    -1817.7860
    92   158      344.00       30.00    -1817.7580
    92   158      344.00       33.00    -1817.4160
    92   158      344.00       36.00    -1816.5020
    92   158      344.00       39.00    -1809.7270
    92   158      344.00       42.00    -1807.7400
    92   158      344.00       45.00    -1808.2970
    92   158      344.00       48.00    -1803.4920
    92   158      344.00       51.00    -1801.3430
    92   158      344.00       54.00    -1806.3934
    92   158      344.00       57.00    -1800.2420
    92   158      344.00       60.00    -1803.2650
    92   158      352.00        0.00    -1808.3310
    92   158      352.00        3.00    -1808.4923
    92   158      352.00        6.00    -1809.8105
    92   158      352.00        9.00    -1805.7511
    92   158      352.00       12.00    -1796.8730
    92   158      352.00       15.00    -1797.7010
    92   158      352.00       18.00    -1798.7500
    92   158      352.00       21.00    -1800.1030
    92   158      352.00       24.00    -1820.5178
    92   158      352.00       27.00    -1819.7430
    92   158      352.00       30.00    -1819.8410
    92   158      352.00       33.00    -1819.6980
    92   158      352.00       36.00    -1818.9220
    92   158      352.00       39.00    -1817.7340
    92   158      352.00       42.00    -1816.2130
    92   158      352.00       45.00    -1807.6560
    92   158      352.00       48.00    -1805.6410
    92   158      352.00       51.00    -1803.3340
    92   158      352.00       54.00    -1809.4540
    92   158      352.00       57.00    -1808.0183
    92   158      352.00       60.00    -1805.4540
    92   158      360.00        0.00    -1810.4880
    92   158      360.00        3.00    -1810.6360
    92   158      360.00        6.00    -1811.0120
    92   158      360.00        9.00    -1811.5610
    92   158      360.00       12.00    -1797.4730
    92   158      360.00       15.00    -1798.2660
    92   158      360.00       18.00    -1799.3100
    92   158      360.00       21.00    -1800.5800
    92   158      360.00       24.00    -1823.6203
    92   158      360.00       27.00    -1821.6270
    92   158      360.00       30.00    -1821.9350
    92   158      360.00       33.00    -1821.9880
    92   158      360.00       36.00    -1821.0180
    92   158      360.00       39.00    -1820.0370
    92   158      360.00       42.00    -1818.6130
    92   158      360.00       45.00    -1817.0280
    92   158      360.00       48.00    -1807.7170
    92   158      360.00       51.00    -1805.4520
    92   158      360.00       54.00    -1804.6427
    92   158      360.00       57.00    -1810.2530
    92   158      360.00       60.00    -1808.3200
    92   158      368.00        0.00    -1812.5560
    92   158      368.00        3.00    -1812.6950
    92   158      368.00        6.00    -1813.0500
    92   158      368.00        9.00    -1813.5950
    92   158      368.00       12.00    -1797.6980
    92   158      368.00       15.00    -1798.5350
    92   158      368.00       18.00    -1799.4210
    92   158      368.00       21.00    -1799.9929
    92   158      368.00       24.00    -1826.8003
    92   158      368.00       27.00    -1823.3230
    92   158      368.00       30.00    -1823.8470
    92   158      368.00       33.00    -1823.9700
    92   158      368.00       36.00    -1823.5650
    92   158      368.00       39.00    -1822.6610
    92   158      368.00       42.00    -1821.3490
    92   158      368.00       45.00    -1819.8010
    92   158      368.00       48.00    -1808.9630
    92   158      368.00       51.00    -1808.5210
    92   158      368.00       54.00    -1804.8790
    92   158      368.00       57.00    -1804.4270
    92   158      368.00       60.00    -1801.7430
    92   158      376.00        0.00    -1814.5760
    92   158      376.00        3.00    -1814.7070
    92   158      376.00        6.00    -1815.0460
    92   158      376.00        9.00    -1815.5580
    92   158      376.00       12.00    -1797.7990
    92   158      376.00       15.00    -1798.6120
    92   158      376.00       18.00    -1799.4680
    92   158      376.00       21.00    -1800.4150
    92   158      376.00       24.00    -1829.8964
    92   158      376.00       27.00    -1824.9880
    92   158      376.00       30.00    -1825.6800
    92   158      376.00       33.00    -1825.8790
    92   158      376.00       36.00    -1825.7330
    92   158      376.00       39.00    -1824.9820
    92   158      376.00       42.00    -1823.8400
    92   158      376.00       45.00    -1822.3570
    92   158      376.00       48.00    -1820.8160
    92   158      376.00       51.00    -1819.0680
    92   158      376.00       54.00    -1817.4950
    92   158      376.00       57.00    -1815.5020
    92   158      376.00       60.00    -1813.4360
    92   158      384.00        0.00    -1816.4960
    92   158      384.00        3.00    -1816.6240
    92   158      384.00        6.00    -1816.9530
    92   158      384.00        9.00    -1817.4420
    92   158      384.00       12.00    -1818.1580
    92   158      384.00       15.00    -1798.7650
    92   158      384.00       18.00    -1799.6010
    92   158      384.00       21.00    -1800.5190
    92   158      384.00       24.00    -1832.7470
    92   158      384.00       27.00    -1831.3510
    92   158      384.00       30.00    -1827.3650
    92   158      384.00       33.00    -1827.6730
    92   158      384.00       36.00    -1827.7480
    92   158      384.00       39.00    -1827.1380
    92   158      384.00       42.00    -1826.1350
    92   158      384.00       45.00    -1824.7920
    92   158      384.00       48.00    -1823.3000
    92   158      384.00       51.00    -1821.8470
    92   158      384.00       54.00    -1820.5600
    92   158      384.00       57.00    -1820.0630
    92   158      384.00       60.00    -1816.5890
    92   158      392.00        0.00    -1818.3700
    92   158      392.00        3.00    -1818.4900
    92   158      392.00        6.00    -1818.8030
    92   158      392.00        9.00    -1819.2570
    92   158      392.00       12.00    -1819.9320
    92   158      392.00       15.00    -1810.1427
    92   158      392.00       18.00    -1799.7940
    92   158      392.00       21.00    -1800.6990
    92   158      392.00       24.00    -1835.0300
    92   158      392.00       27.00    -1833.6280
    92   158      392.00       30.00    -1828.8740
    92   158      392.00       33.00    -1829.3730
    92   158      392.00       36.00    -1829.5850
    92   158      392.00       39.00    -1829.1330
    92   158      392.00       42.00    -1828.2630
    92   158      392.00       45.00    -1827.0210
    92   158      392.00       48.00    -1825.5420
    92   158      392.00       51.00    -1824.0490
    92   158      392.00       54.00    -1822.5720
    92   158      392.00       57.00    -1820.7810
    92   158      392.00       60.00    -1818.8770
    92   158      400.00        0.00    -1820.2430
    92   158      400.00        3.00    -1820.3560
    92   158      400.00        6.00    -1820.6510
    92   158      400.00        9.00    -1821.0720
    92   158      400.00       12.00    -1821.6980
    92   158      400.00       15.00    -1822.2520
    92   158      400.00       18.00    -1836.8540
    92   158      400.00       21.00    -1837.2330
    92   158      400.00       24.00    -1836.5110
    92   158      400.00       27.00    -1835.3230
    92   158      400.00       30.00    -1830.3320
    92   158      400.00       33.00    -1831.0330
    92   158      400.00       36.00    -1831.2730
    92   158      400.00       39.00    -1831.0760
    92   158      400.00       42.00    -1830.3240
    92   158      400.00       45.00    -1829.2070
    92   158      400.00       48.00    -1827.7670
    92   158      400.00       51.00    -1826.2470
    92   158      400.00       54.00    -1824.4690
    92   158      400.00       57.00    -1823.0760
    92   158      400.00       60.00    -1821.1500
    92   158      408.00        0.00    -1822.0360
    92   158      408.00        3.00    -1822.1430
    92   158      408.00        6.00    -1822.4240
    92   158      408.00        9.00    -1822.8270
    92   158      408.00       12.00    -1823.4130
    92   158      408.00       15.00    -1824.2200
    92   158      408.00       18.00    -1838.2030
    92   158      408.00       21.00    -1838.7310
    92   158      408.00       24.00    -1838.6770
    92   158      408.00       27.00    -1837.6420
    92   158      408.00       30.00    -1831.7860
    92   158      408.00       33.00    -1832.6500
    92   158      408.00       36.00    -1833.0160
    92   158      408.00       39.00    -1833.0810
    92   158      408.00       42.00    -1832.4670
    92   158      408.00       45.00    -1831.4730
    92   158      408.00       48.00    -1830.1430
    92   158      408.00       51.00    -1828.6370
    92   158      408.00       54.00    -1827.1220
    92   158      408.00       57.00    -1825.5620
    92   158      408.00       60.00    -1823.6760
    92   158      416.00        0.00    -1823.7760
    92   158      416.00        3.00    -1823.8780
    92   158      416.00        6.00    -1824.1470
    92   158      416.00        9.00    -1824.5330
    92   158      416.00       12.00    -1825.0790
    92   158      416.00       15.00    -1825.8450
    92   158      416.00       18.00    -1830.8480
    92   158      416.00       21.00    -1838.1136
    92   158      416.00       24.00    -1840.3290
    92   158      416.00       27.00    -1839.1280
    92   158      416.00       30.00    -1837.8410
    92   158      416.00       33.00    -1834.0710
    92   158      416.00       36.00    -1834.5780
    92   158      416.00       39.00    -1834.8400
    92   158      416.00       42.00    -1834.3920
    92   158      416.00       45.00    -1833.5660
    92   158      416.00       48.00    -1832.3990
    92   158      416.00       51.00    -1830.9960
    92   158      416.00       54.00    -1829.5590
    92   158      416.00       57.00    -1828.1490
    92   158      416.00       60.00    -1826.5490
    92   158      424.00        0.00    -1825.4320
    92   158      424.00        3.00    -1825.5270
    92   158      424.00        6.00    -1825.7800
    92   158      424.00        9.00    -1826.1390
    92   158      424.00       12.00    -1826.6430
    92   158      424.00       15.00    -1827.3540
    92   158      424.00       18.00    -1828.2430
    92   158      424.00       21.00    -1841.6010
    92   158      424.00       24.00    -1841.8190
    92   158      424.00       27.00    -1840.8360
    92   158      424.00       30.00    -1839.6450
    92   158      424.00       33.00    -1835.3150
    92   158      424.00       36.00    -1836.0250
    92   158      424.00       39.00    -1836.3250
    92   158      424.00       42.00    -1836.1280
    92   158      424.00       45.00    -1835.4130
    92   158      424.00       48.00    -1834.3590
    92   158      424.00       51.00    -1833.0090
    92   158      424.00       54.00    -1831.5590
    92   158      424.00       57.00    -1830.1240
    92   158      424.00       60.00    -1828.6220
    92   158      432.00        0.00    -1827.0340
    92   158      432.00        3.00    -1827.1230
    92   158      432.00        6.00    -1827.3590
    92   158      432.00        9.00    -1827.7010
    92   158      432.00       12.00    -1828.1640
    92   158      432.00       15.00    -1828.8210
    92   158      432.00       18.00    -1829.6810
    92   158      432.00       21.00    -1842.7890
    92   158      432.00       24.00    -1843.1120
    92   158      432.00       27.00    -1842.4620
    92   158      432.00       30.00    -1841.4030
    92   158      432.00       33.00    -1836.4800
    92   158      432.00       36.00    -1837.3580
    92   158      432.00       39.00    -1837.7420
    92   158      432.00       42.00    -1837.7710
    92   158      432.00       45.00    -1837.1680
    92   158      432.00       48.00    -1836.2180
    92   158      432.00       51.00    -1834.9540
    92   158      432.00       54.00    -1833.5100
    92   158      432.00       57.00    -1832.0440
    92   158      432.00       60.00    -1830.5730
    92   158      440.00        0.00    -1828.6970
    92   158      440.00        3.00    -1828.7840
    92   158      440.00        6.00    -1829.0200
    92   158      440.00        9.00    -1829.3620
    92   158      440.00       12.00    -1829.8150
    92   158      440.00       15.00    -1830.4500
    92   158      440.00       18.00    -1831.2810
    92   158      440.00       21.00    -1844.1180
    92   158      440.00       24.00    -1844.6660
    92   158      440.00       27.00    -1844.2000
    92   158      440.00       30.00    -1843.2710
    92   158      440.00       33.00    -1842.0180
    92   158      440.00       36.00    -1838.8500
    92   158      440.00       39.00    -1839.3760
    92   158      440.00       42.00    -1839.6820
    92   158      440.00       45.00    -1839.2620
    92   158      440.00       48.00    -1838.5000
    92   158      440.00       51.00    -1837.4310
    92   158      440.00       54.00    -1836.1210
    92   158      440.00       57.00    -1834.7560
    92   158      440.00       60.00    -1833.4220
    92   158      448.00        0.00    -1830.2110
    92   158      448.00        3.00    -1830.2940
    92   158      448.00        6.00    -1830.5160
    92   158      448.00        9.00    -1830.8400
    92   158      448.00       12.00    -1831.2600
    92   158      448.00       15.00    -1831.8510
    92   158      448.00       18.00    -1832.6240
    92   158      448.00       21.00    -1833.5960
    92   158      448.00       24.00    -1845.9640
    92   158      448.00       27.00    -1845.6820
    92   158      448.00       30.00    -1844.8850
    92   158      448.00       33.00    -1841.9800
    92   158      448.00       36.00    -1839.9610
    92   158      448.00       39.00    -1840.6680
    92   158      448.00       42.00    -1841.0370
    92   158      448.00       45.00    -1840.8640
    92   158      448.00       48.00    -1840.2090
    92   158      448.00       51.00    -1839.2280
    92   158      448.00       54.00    -1837.7660
    92   158      448.00       57.00    -1836.6390
    92   158      448.00       60.00    -1835.2750
    92   158      456.00        0.00    -1831.6810
    92   158      456.00        3.00    -1831.7590
    92   158      456.00        6.00    -1831.9680
    92   158      456.00        9.00    -1832.2750
    92   158      456.00       12.00    -1832.6680
    92   158      456.00       15.00    -1833.2120
    92   158      456.00       18.00    -1833.9310
    92   158      456.00       21.00    -1834.4650
    92   158      456.00       24.00    -1847.0940
    92   158      456.00       27.00    -1847.1240
    92   158      456.00       30.00    -1846.4220
    92   158      456.00       33.00    -1845.3530
    92   158      456.00       36.00    -1840.9890
    92   158      456.00       39.00    -1841.8800
    92   158      456.00       42.00    -1842.3410
    92   158      456.00       45.00    -1842.3820
    92   158      456.00       48.00    -1841.8360
    92   158      456.00       51.00    -1840.9770
    92   158      456.00       54.00    -1839.8240
    92   158      456.00       57.00    -1838.4790
    92   158      456.00       60.00    -1837.0940
    92   158      464.00        0.00    -1833.1110
    92   158      464.00        3.00    -1833.1840
    92   158      464.00        6.00    -1833.3810
    92   158      464.00        9.00    -1833.6710
    92   158      464.00       12.00    -1834.0380
    92   158      464.00       15.00    -1834.5420
    92   158      464.00       18.00    -1835.2120
    92   158      464.00       21.00    -1836.0570
    92   158      464.00       24.00    -1837.0990
    92   158      464.00       27.00    -1848.4460
    92   158      464.00       30.00    -1847.8860
    92   158      464.00       33.00    -1846.9380
    92   158      464.00       36.00    -1841.9740
    92   158      464.00       39.00    -1842.9730
    92   158      464.00       42.00    -1843.5070
    92   158      464.00       45.00    -1843.8060
    92   158      464.00       48.00    -1843.3810
    92   158      464.00       51.00    -1842.6270
    92   158      464.00       54.00    -1841.5760
    92   158      464.00       57.00    -1840.2690
    92   158      464.00       60.00    -1838.8730
    92   158      472.00        0.00    -1834.5650
    92   158      472.00        3.00    -1834.6320
    92   158      472.00        6.00    -1834.8180
    92   158      472.00        9.00    -1835.0920
    92   158      472.00       12.00    -1835.4370
    92   158      472.00       15.00    -1835.9040
    92   158      472.00       18.00    -1836.5320
    92   158      472.00       21.00    -1837.3210
    92   158      472.00       24.00    -1838.2970
    92   158      472.00       27.00    -1849.7670
    92   158      472.00       30.00    -1849.6600
    92   158      472.00       33.00    -1848.8810
    92   158      472.00       36.00    -1847.6390
    92   158      472.00       39.00    -1844.0230
    92   158      472.00       42.00    -1844.7190
    92   158      472.00       45.00    -1845.1020
    92   158      472.00       48.00    -1844.9190
    92   158      472.00       51.00    -1844.2640
    92   158      472.00       54.00    -1843.2970
    92   158      472.00       57.00    -1842.0720
    92   158      472.00       60.00    -1834.4460
    92   158      480.00        0.00    -1835.9640
    92   158      480.00        3.00    -1836.0290
    92   158      480.00        6.00    -1836.2060
    92   158      480.00        9.00    -1836.4710
    92   158      480.00       12.00    -1836.8070
    92   158      480.00       15.00    -1837.2460
    92   158      480.00       18.00    -1837.8370
    92   158      480.00       21.00    -1838.5810
    92   158      480.00       24.00    -1839.4960
    92   158      480.00       27.00    -1840.5930
    92   158      480.00       30.00    -1850.9830
    92   158      480.00       33.00    -1850.4010
    92   158      480.00       36.00    -1849.3100
    92   158      480.00       39.00    -1845.0330
    92   158      480.00       42.00    -1845.8910
    92   158      480.00       45.00    -1846.3800
    92   158      480.00       48.00    -1846.4120
    92   158      480.00       51.00    -1845.8940
    92   158      480.00       54.00    -1845.0900
    92   158      480.00       57.00    -1844.0120
    92   158      480.00       60.00    -1842.7390
    92   158      488.00        0.00    -1837.4130
    92   158      488.00        3.00    -1837.4760
    92   158      488.00        6.00    -1837.6460
    92   158      488.00        9.00    -1837.8980
    92   158      488.00       12.00    -1838.2180
    92   158      488.00       15.00    -1838.6300
    92   158      488.00       18.00    -1839.1860
    92   158      488.00       21.00    -1839.8880
    92   158      488.00       24.00    -1840.7550
    92   158      488.00       27.00    -1841.7980
    92   158      488.00       30.00    -1852.2170
    92   158      488.00       33.00    -1851.9000
    92   158      488.00       36.00    -1850.9550
    92   158      488.00       39.00    -1846.0660
    92   158      488.00       42.00    -1847.1070
    92   158      488.00       45.00    -1847.6710
    92   158      488.00       48.00    -1847.9740
    92   158      488.00       51.00    -1847.5790
    92   158      488.00       54.00    -1846.8790
    92   158      488.00       57.00    -1845.9040
    92   158      488.00       60.00    -1844.4450
    92   158      496.00        0.00    -1838.7010
    92   158      496.00        3.00    -1838.7590
    92   158      496.00        6.00    -1838.9190
    92   158      496.00        9.00    -1839.1560
    92   158      496.00       12.00    -1839.4610
    92   158      496.00       15.00    -1839.8420
    92   158      496.00       18.00    -1840.3600
    92   158      496.00       21.00    -1841.0180
    92   158      496.00       24.00    -1841.8280
    92   158      496.00       27.00    -1842.8070
    92   158      496.00       30.00    -1843.9420
    92   158      496.00       33.00    -1853.1920
    92   158      496.00       36.00    -1852.4010
    92   158      496.00       39.00    -1851.1990
    92   158      496.00       42.00    -1847.9880
    92   158      496.00       45.00    -1848.6970
    92   158      496.00       48.00    -1849.1020
    92   158      496.00       51.00    -1848.9420
    92   158      496.00       54.00    -1848.3350
    92   158      496.00       57.00    -1847.4480
    92   158      496.00       60.00    -1846.3150
    92   158      504.00        0.00    -1839.9980
    92   158      504.00        3.00    -1840.0560
    92   158      504.00        6.00    -1840.2130
    92   158      504.00        9.00    -1840.4490
    92   158      504.00       12.00    -1840.7520
    92   158      504.00       15.00    -1841.1230
    92   158      504.00       18.00    -1841.6220
    92   158      504.00       21.00    -1842.2540
    92   158      504.00       24.00    -1843.0280
    92   158      504.00       27.00    -1843.9560
    92   158      504.00       30.00    -1845.0400
    92   158      504.00       33.00    -1854.5000
    92   158      504.00       36.00    -1853.8640
    92   158      504.00       39.00    -1848.5330
    92   158      504.00       42.00    -1851.5580
    92   158      504.00       45.00    -1849.8260
    92   158      504.00       48.00    -1850.3500
    92   158      504.00       51.00    -1850.3870
    92   158      504.00       54.00    -1849.8960
    92   158      504.00       57.00    -1849.1390
    92   158      504.00       60.00    -1848.1320
    92   158      512.00        0.00    -1841.2180
    92   158      512.00        3.00    -1841.2720
    92   158      512.00        6.00    -1841.4210
    92   158      512.00        9.00    -1841.6440
    92   158      512.00       12.00    -1841.9330
    92   158      512.00       15.00    -1842.2790
    92   158      512.00       18.00    -1842.7430
    92   158      512.00       21.00    -1843.3360
    92   158      512.00       24.00    -1843.7390
    92   158      512.00       27.00    -1844.9320
    92   158      512.00       30.00    -1845.9560
    92   158      512.00       33.00    -1847.0860
    92   158      512.00       36.00    -1848.2180
    92   158      512.00       39.00    -1849.4020
    92   158      512.00       42.00    -1850.3480
    92   158      512.00       45.00    -1850.7320
    92   158      512.00       48.00    -1851.3030
    92   158      512.00       51.00    -1851.6050
    92   158      512.00       54.00    -1851.2270
    92   158      512.00       57.00    -1850.5590
    92   158      512.00       60.00    -1849.6170
    92   158      520.00        0.00    -1842.4500
    92   158      520.00        3.00    -1842.5010
    92   158      520.00        6.00    -1842.6420
    92   158      520.00        9.00    -1842.8540
    92   158      520.00       12.00    -1843.1320
    92   158      520.00       15.00    -1843.4590
    92   158      520.00       18.00    -1843.8910
    92   158      520.00       21.00    -1844.4500
    92   158      520.00       24.00    -1845.1330
    92   158      520.00       27.00    -1845.9540
    92   158      520.00       30.00    -1846.9230
    92   158      520.00       33.00    -1848.0150
    92   158      520.00       36.00    -1849.0840
    92   158      520.00       39.00    -1850.2870
    92   158      520.00       42.00    -1851.2880
    92   158      520.00       45.00    -1852.0080
    92   158      520.00       48.00    -1852.2960
    92   158      520.00       51.00    -1852.7300
    92   158      520.00       54.00    -1852.6100
    92   158      520.00       57.00    -1852.0740
    92   158      520.00       60.00    -1851.2910
    92   158      528.00        0.00    -1843.6140
    92   158      528.00        3.00    -1843.6620
    92   158      528.00        6.00    -1843.7950
    92   158      528.00        9.00    -1843.9950
    92   158      528.00       12.00    -1844.2560
    92   158      528.00       15.00    -1844.5640
    92   158      528.00       18.00    -1844.9680
    92   158      528.00       21.00    -1845.4920
    92   158      528.00       24.00    -1846.1340
    92   158      528.00       27.00    -1846.9060
    92   158      528.00       30.00    -1847.8190
    92   158      528.00       33.00    -1848.8610
    92   158      528.00       36.00    -1849.8560
    92   158      528.00       39.00    -1851.0740
    92   158      528.00       42.00    -1852.1060
    92   158      528.00       45.00    -1852.9180
    92   158      528.00       48.00    -1853.2040
    92   158      528.00       51.00    -1853.7420
    92   158      528.00       54.00    -1853.8100
    92   158      528.00       57.00    -1853.3680
    92   158      528.00       60.00    -1852.6770
    92   158      536.00        0.00    -1844.7450
    92   158      536.00        3.00    -1844.7910
    92   158      536.00        6.00    -1844.9160
    92   158      536.00        9.00    -1845.1050
    92   158      536.00       12.00    -1845.3540
    92   158      536.00       15.00    -1845.6460
    92   158      536.00       18.00    -1846.0200
    92   158      536.00       21.00    -1846.5110
    92   158      536.00       24.00    -1846.8110
    92   158      536.00       27.00    -1847.8430
    92   158      536.00       30.00    -1848.3670
    92   158      536.00       33.00    -1849.6930
    92   158      536.00       36.00    -1850.7480
    92   158      536.00       39.00    -1851.8280
    92   158      536.00       42.00    -1852.8910
    92   158      536.00       45.00    -1853.7540
    92   158      536.00       48.00    -1854.3280
    92   158      536.00       51.00    -1854.6030
    92   158      536.00       54.00    -1854.9320
    92   158      536.00       57.00    -1854.6010
    92   158      536.00       60.00    -1853.9940
    92   158      544.00        0.00    -1845.8490
    92   158      544.00        3.00    -1845.8920
    92   158      544.00        6.00    -1846.0110
    92   158      544.00        9.00    -1846.1890
    92   158      544.00       12.00    -1846.4250
    92   158      544.00       15.00    -1846.7030
    92   158      544.00       18.00    -1847.0500
    92   158      544.00       21.00    -1847.5100
    92   158      544.00       24.00    -1848.0780
    92   158      544.00       27.00    -1848.7630
    92   158      544.00       30.00    -1849.5730
    92   158      544.00       33.00    -1850.5130
    92   158      544.00       36.00    -1851.5450
    92   158      544.00       39.00    -1852.5630
    92   158      544.00       42.00    -1853.6440
    92   158      544.00       45.00    -1854.5470
    92   158      544.00       48.00    -1855.2310
    92   158      544.00       51.00    -1855.4340
    92   158      544.00       54.00    -1855.8840
    92   158      544.00       57.00    -1850.6160
    92   158      544.00       60.00    -1855.2520
    92   158      552.00        0.00    -1847.0530
    92   158      552.00        3.00    -1847.0960
    92   158      552.00        6.00    -1847.2130
    92   158      552.00        9.00    -1847.3900
    92   158      552.00       12.00    -1847.6250
    92   158      552.00       15.00    -1847.9030
    92   158      552.00       18.00    -1848.2410
    92   158      552.00       21.00    -1848.6860
    92   158      552.00       24.00    -1849.2370
    92   158      552.00       27.00    -1849.8950
    92   158      552.00       30.00    -1850.6700
    92   158      552.00       33.00    -1851.5700
    92   158      552.00       36.00    -1852.3060
    92   158      552.00       39.00    -1853.5320
    92   158      552.00       42.00    -1854.6330
    92   158      552.00       45.00    -1855.5710
    92   158      552.00       48.00    -1855.5980
    92   158      552.00       51.00    -1856.8840
    92   158      552.00       54.00    -1857.0960
    92   158      552.00       57.00    -1857.2130
    92   158      552.00       60.00    -1856.8210
    92   158      560.00        0.00    -1848.1130
    92   158      560.00        3.00    -1848.1530
    92   158      560.00        6.00    -1848.2640
    92   158      560.00        9.00    -1848.4310
    92   158      560.00       12.00    -1848.6520
    92   158      560.00       15.00    -1848.9180
    92   158      560.00       18.00    -1849.2310
    92   158      560.00       21.00    -1849.6470
    92   158      560.00       24.00    -1850.1640
    92   158      560.00       27.00    -1850.7850
    92   158      560.00       30.00    -1851.5180
    92   158      560.00       33.00    -1852.3700
    92   158      560.00       36.00    -1853.3280
    92   158      560.00       39.00    -1854.2600
    92   158      560.00       42.00    -1855.3370
    92   158      560.00       45.00    -1856.2990
    92   158      560.00       48.00    -1857.0920
    92   158      560.00       51.00    -1857.7050
    92   158      560.00       54.00    -1857.8180
    92   158      560.00       57.00    -1858.2470
    92   158      560.00       60.00    -1857.9700
    92   158      568.00        0.00    -1849.1960
    92   158      568.00        3.00    -1849.2370
    92   158      568.00        6.00    -1849.3480
    92   158      568.00        9.00    -1849.5170
    92   158      568.00       12.00    -1849.7420
    92   158      568.00       15.00    -1849.9570
    92   158      568.00       18.00    -1850.3250
    92   158      568.00       21.00    -1850.7310
    92   158      568.00       24.00    -1851.2380
    92   158      568.00       27.00    -1851.8420
    92   158      568.00       30.00    -1852.5510
    92   158      568.00       33.00    -1853.3710
    92   158      568.00       36.00    -1854.2950
    92   158      568.00       39.00    -1855.2710
    92   158      568.00       42.00    -1856.2440
    92   158      568.00       45.00    -1857.2260
    92   158      568.00       48.00    -1858.0490
    92   158      568.00       51.00    -1858.7090
    92   158      568.00       54.00    -1859.2120
    92   158      568.00       57.00    -1859.3420
    92   158      568.00       60.00    -1859.2950
    92   158      576.00        0.00    -1850.2390
    92   158      576.00        3.00    -1850.2770
    92   158      576.00        6.00    -1850.3830
    92   158      576.00        9.00    -1850.5460
    92   158      576.00       12.00    -1850.7600
    92   158      576.00       15.00    -1850.9420
    92   158      576.00       18.00    -1851.3150
    92   158      576.00       21.00    -1851.6980
    92   158      576.00       24.00    -1852.1780
    92   158      576.00       27.00    -1852.7510
    92   158      576.00       30.00    -1853.4230
    92   158      576.00       33.00    -1854.2030
    92   158      576.00       36.00    -1855.0860
    92   158      576.00       39.00    -1855.8190
    92   158      576.00       42.00    -1856.9620
    92   158      576.00       45.00    -1857.9640
    92   158      576.00       48.00    -1858.0050
    92   158      576.00       51.00    -1859.5150
    92   158      576.00       54.00    -1860.0780
    92   158      576.00       57.00    -1860.2360
    92   158      576.00       60.00    -1860.3980
    92   158      584.00        0.00    -1851.2530
    92   158      584.00        3.00    -1851.2890
    92   158      584.00        6.00    -1851.3920
    92   158      584.00        9.00    -1851.5480
    92   158      584.00       12.00    -1851.7540
    92   158      584.00       15.00    -1852.0080
    92   158      584.00       18.00    -1852.2900
    92   158      584.00       21.00    -1852.6520
    92   158      584.00       24.00    -1853.1080
    92   158      584.00       27.00    -1853.6530
    92   158      584.00       30.00    -1854.2910
    92   158      584.00       33.00    -1855.0300
    92   158      584.00       36.00    -1855.8700
    92   158      584.00       39.00    -1856.7910
    92   158      584.00       42.00    -1857.6560
    92   158      584.00       45.00    -1858.6700
    92   158      584.00       48.00    -1859.5450
    92   158      584.00       51.00    -1860.2740
    92   158      584.00       54.00    -1860.8700
    92   158      584.00       57.00    -1861.2730
    92   158      584.00       60.00    -1861.3890
    92   158      592.00        0.00    -1852.2230
    92   158      592.00        3.00    -1852.2580
    92   158      592.00        6.00    -1852.3560
    92   158      592.00        9.00    -1852.5020
    92   158      592.00       12.00    -1852.6970
    92   158      592.00       15.00    -1852.9380
    92   158      592.00       18.00    -1853.2060
    92   158      592.00       21.00    -1853.5430
    92   158      592.00       24.00    -1853.9720
    92   158      592.00       27.00    -1854.4880
    92   158      592.00       30.00    -1855.0930
    92   158      592.00       33.00    -1855.7920
    92   158      592.00       36.00    -1856.5910
    92   158      592.00       39.00    -1857.4790
    92   158      592.00       42.00    -1858.2760
    92   158      592.00       45.00    -1859.3100
    92   158      592.00       48.00    -1860.2060
    92   158      592.00       51.00    -1860.9650
    92   158      592.00       54.00    -1861.5920
    92   158      592.00       57.00    -1862.0810
    92   158      592.00       60.00    -1862.1980
    92   158      600.00        0.00    -1853.3200
    92   158      600.00        3.00    -1853.3540
    92   158      600.00        6.00    -1853.4510
    92   158      600.00        9.00    -1853.5980
    92   158      600.00       12.00    -1853.7920
    92   158      600.00       15.00    -1854.0330
    92   158      600.00       18.00    -1854.3020
    92   158      600.00       21.00    -1854.6300
    92   158      600.00       24.00    -1855.0480
    92   158      600.00       27.00    -1855.5510
    92   158      600.00       30.00    -1856.1350
    92   158      600.00       33.00    -1856.8100
    92   158      600.00       36.00    -1857.2570
    92   158      600.00       39.00    -1858.4270
    92   158      600.00       42.00    -1859.3200
    92   158      600.00       45.00    -1860.1950
    92   158      600.00       48.00    -1861.1030
    92   158      600.00       51.00    -1861.8800
    92   158      600.00       54.00    -1862.5360
    92   158      600.00       57.00    -1863.0730
    92   158      600.00       60.00    -1863.1470
