 #  Z     N         Q_20        Q_30       BE_LN
    92   158        0.00        0.00    -1851.9200
    92   158        0.00        3.00    -1848.0210
    92   158        0.00        6.00    -1846.4270
    92   158        0.00        9.00    -1843.8630
    92   158        0.00       12.00    -1837.9600
    92   158        0.00       15.00    -1829.0810
    92   158        0.00       18.00    -1818.9080
    92   158        0.00       21.00    -1808.8920
    92   158        0.00       24.00    -1798.4720
    92   158        0.00       27.00    -1788.5050
    92   158        0.00       30.00    -1778.3240
    92   158        0.00       33.00    -1767.5290
    92   158        0.00       36.00    -1756.5830
    92   158        0.00       39.00    -1744.1350
    92   158        0.00       42.00    -1739.3990
    92   158        0.00       45.00    -1757.4530
    92   158        0.00       48.00    -1759.9590
    92   158        0.00       51.00    -1726.7300
    92   158        0.00       54.00    -1714.8340
    92   158        0.00       57.00    -1702.0350
    92   158        0.00       60.00    -1686.5960
    92   158        8.00        0.00    -1852.7960
    92   158        8.00        3.00    -1849.8200
    92   158        8.00        6.00    -1846.6450
    92   158        8.00        9.00    -1844.0070
    92   158        8.00       12.00    -1838.6320
    92   158        8.00       15.00    -1831.7770
    92   158        8.00       18.00    -1823.0050
    92   158        8.00       21.00    -1814.4910
    92   158        8.00       24.00    -1805.0570
    92   158        8.00       27.00    -1795.2460
    92   158        8.00       30.00    -1785.8370
    92   158        8.00       33.00    -1775.1850
    92   158        8.00       36.00    -1763.2680
    92   158        8.00       39.00    -1751.6040
    92   158        8.00       42.00    -1739.3990
    92   158        8.00       45.00    -1757.4530
    92   158        8.00       48.00    -1759.9590
    92   158        8.00       51.00    -1726.7300
    92   158        8.00       54.00    -1714.8340
    92   158        8.00       57.00    -1702.0350
    92   158        8.00       60.00    -1690.9441
    92   158       16.00        0.00    -1857.8430
    92   158       16.00        3.00    -1856.2150
    92   158       16.00        6.00    -1850.1730
    92   158       16.00        9.00    -1845.0390
    92   158       16.00       12.00    -1840.3580
    92   158       16.00       15.00    -1834.2720
    92   158       16.00       18.00    -1827.0580
    92   158       16.00       21.00    -1818.8400
    92   158       16.00       24.00    -1810.7830
    92   158       16.00       27.00    -1801.4250
    92   158       16.00       30.00    -1791.9040
    92   158       16.00       33.00    -1782.2210
    92   158       16.00       36.00    -1770.6450
    92   158       16.00       39.00    -1757.8790
    92   158       16.00       42.00    -1746.9840
    92   158       16.00       45.00    -1757.4530
    92   158       16.00       48.00    -1759.9590
    92   158       16.00       51.00    -1736.4430
    92   158       16.00       54.00    -1725.6150
    92   158       16.00       57.00    -1712.8360
    92   158       16.00       60.00    -1697.9960
    92   158       24.00        0.00    -1862.6450
    92   158       24.00        3.00    -1861.7600
    92   158       24.00        6.00    -1856.5530
    92   158       24.00        9.00    -1849.4240
    92   158       24.00       12.00    -1843.0200
    92   158       24.00       15.00    -1836.9940
    92   158       24.00       18.00    -1830.1430
    92   158       24.00       21.00    -1822.5080
    92   158       24.00       24.00    -1815.3480
    92   158       24.00       27.00    -1807.3230
    92   158       24.00       30.00    -1797.4860
    92   158       24.00       33.00    -1787.7340
    92   158       24.00       36.00    -1777.4440
    92   158       24.00       39.00    -1765.3480
    92   158       24.00       42.00    -1753.9330
    92   158       24.00       45.00    -1757.4530
    92   158       24.00       48.00    -1759.9590
    92   158       24.00       51.00    -1744.0052
    92   158       24.00       54.00    -1734.7620
    92   158       24.00       57.00    -1722.5420
    92   158       24.00       60.00    -1707.4610
    92   158       32.00        0.00    -1861.8100
    92   158       32.00        3.00    -1861.5960
    92   158       32.00        6.00    -1859.5840
    92   158       32.00        9.00    -1854.2270
    92   158       32.00       12.00    -1846.9300
    92   158       32.00       15.00    -1839.7360
    92   158       32.00       18.00    -1833.5300
    92   158       32.00       21.00    -1827.2230
    92   158       32.00       24.00    -1819.4440
    92   158       32.00       27.00    -1812.1090
    92   158       32.00       30.00    -1803.2600
    92   158       32.00       33.00    -1792.5590
    92   158       32.00       36.00    -1783.5310
    92   158       32.00       39.00    -1773.5890
    92   158       32.00       42.00    -1761.5070
    92   158       32.00       45.00    -1757.4530
    92   158       32.00       48.00    -1759.9590
    92   158       32.00       51.00    -1750.0390
    92   158       32.00       54.00    -1742.4706
    92   158       32.00       57.00    -1731.4265
    92   158       32.00       60.00    -1718.6640
    92   158       40.00        0.00    -1859.9430
    92   158       40.00        3.00    -1860.2880
    92   158       40.00        6.00    -1859.4420
    92   158       40.00        9.00    -1856.3330
    92   158       40.00       12.00    -1850.9880
    92   158       40.00       15.00    -1843.4560
    92   158       40.00       18.00    -1836.9170
    92   158       40.00       21.00    -1830.9070
    92   158       40.00       24.00    -1824.4960
    92   158       40.00       27.00    -1816.4620
    92   158       40.00       30.00    -1808.1090
    92   158       40.00       33.00    -1798.4700
    92   158       40.00       36.00    -1788.6290
    92   158       40.00       39.00    -1780.3190
    92   158       40.00       42.00    -1769.9070
    92   158       40.00       45.00    -1757.4530
    92   158       40.00       48.00    -1759.9590
    92   158       40.00       51.00    -1755.1400
    92   158       40.00       54.00    -1748.8830
    92   158       40.00       57.00    -1739.6720
    92   158       40.00       60.00    -1727.5710
    92   158       48.00        0.00    -1859.2100
    92   158       48.00        3.00    -1859.6400
    92   158       48.00        6.00    -1859.1850
    92   158       48.00        9.00    -1856.9370
    92   158       48.00       12.00    -1853.4580
    92   158       48.00       15.00    -1847.5530
    92   158       48.00       18.00    -1839.9680
    92   158       48.00       21.00    -1834.7100
    92   158       48.00       24.00    -1828.4830
    92   158       48.00       27.00    -1821.4310
    92   158       48.00       30.00    -1813.2490
    92   158       48.00       33.00    -1804.3880
    92   158       48.00       36.00    -1794.9150
    92   158       48.00       39.00    -1785.3200
    92   158       48.00       42.00    -1776.1410
    92   158       48.00       45.00    -1765.5030
    92   158       48.00       48.00    -1764.7450
    92   158       48.00       51.00    -1760.4110
    92   158       48.00       54.00    -1754.6580
    92   158       48.00       57.00    -1746.9860
    92   158       48.00       60.00    -1736.1940
    92   158       56.00        0.00    -1858.5440
    92   158       56.00        3.00    -1859.0020
    92   158       56.00        6.00    -1858.8250
    92   158       56.00        9.00    -1856.9510
    92   158       56.00       12.00    -1854.1200
    92   158       56.00       15.00    -1850.4340
    92   158       56.00       18.00    -1843.9400
    92   158       56.00       21.00    -1837.8570
    92   158       56.00       24.00    -1832.5140
    92   158       56.00       27.00    -1825.5530
    92   158       56.00       30.00    -1818.0650
    92   158       56.00       33.00    -1810.0930
    92   158       56.00       36.00    -1801.0300
    92   158       56.00       39.00    -1791.2950
    92   158       56.00       42.00    -1781.2510
    92   158       56.00       45.00    -1771.7210
    92   158       56.00       48.00    -1773.8226
    92   158       56.00       51.00    -1768.1066
    92   158       56.00       54.00    -1761.9185
    92   158       56.00       57.00    -1753.6060
    92   158       56.00       60.00    -1744.2450
    92   158       64.00        0.00    -1856.6010
    92   158       64.00        3.00    -1857.0830
    92   158       64.00        6.00    -1857.4930
    92   158       64.00        9.00    -1856.9160
    92   158       64.00       12.00    -1854.8850
    92   158       64.00       15.00    -1851.6230
    92   158       64.00       18.00    -1847.4020
    92   158       64.00       21.00    -1841.3890
    92   158       64.00       24.00    -1835.7640
    92   158       64.00       27.00    -1830.1210
    92   158       64.00       30.00    -1823.1570
    92   158       64.00       33.00    -1815.9520
    92   158       64.00       36.00    -1808.7220
    92   158       64.00       39.00    -1800.2680
    92   158       64.00       42.00    -1791.1650
    92   158       64.00       45.00    -1781.2870
    92   158       64.00       48.00    -1784.3943
    92   158       64.00       51.00    -1777.4814
    92   158       64.00       54.00    -1770.6750
    92   158       64.00       57.00    -1763.9030
    92   158       64.00       60.00    -1759.2100
    92   158       72.00        0.00    -1855.7530
    92   158       72.00        3.00    -1854.2350
    92   158       72.00        6.00    -1855.0890
    92   158       72.00        9.00    -1855.3630
    92   158       72.00       12.00    -1854.6080
    92   158       72.00       15.00    -1852.5740
    92   158       72.00       18.00    -1848.9480
    92   158       72.00       21.00    -1844.4740
    92   158       72.00       24.00    -1838.8670
    92   158       72.00       27.00    -1833.7580
    92   158       72.00       30.00    -1827.8170
    92   158       72.00       33.00    -1820.7120
    92   158       72.00       36.00    -1813.4200
    92   158       72.00       39.00    -1806.1580
    92   158       72.00       42.00    -1797.5440
    92   158       72.00       45.00    -1788.4300
    92   158       72.00       48.00    -1793.4814
    92   158       72.00       51.00    -1786.9133
    92   158       72.00       54.00    -1780.0993
    92   158       72.00       57.00    -1771.1170
    92   158       72.00       60.00    -1765.1480
    92   158       80.00        0.00    -1858.9350
    92   158       80.00        3.00    -1857.1220
    92   158       80.00        6.00    -1852.6570
    92   158       80.00        9.00    -1853.1920
    92   158       80.00       12.00    -1853.2920
    92   158       80.00       15.00    -1851.9490
    92   158       80.00       18.00    -1849.6790
    92   158       80.00       21.00    -1846.1320
    92   158       80.00       24.00    -1841.5190
    92   158       80.00       27.00    -1837.1100
    92   158       80.00       30.00    -1831.7610
    92   158       80.00       33.00    -1825.0000
    92   158       80.00       36.00    -1817.7020
    92   158       80.00       39.00    -1809.8830
    92   158       80.00       42.00    -1802.1060
    92   158       80.00       45.00    -1794.0040
    92   158       80.00       48.00    -1798.1050
    92   158       80.00       51.00    -1794.7800
    92   158       80.00       54.00    -1788.6530
    92   158       80.00       57.00    -1780.5330
    92   158       80.00       60.00    -1770.5530
    92   158       88.00        0.00    -1859.7100
    92   158       88.00        3.00    -1858.1960
    92   158       88.00        6.00    -1854.5720
    92   158       88.00        9.00    -1851.6090
    92   158       88.00       12.00    -1851.4530
    92   158       88.00       15.00    -1850.5670
    92   158       88.00       18.00    -1848.7370
    92   158       88.00       21.00    -1846.6150
    92   158       88.00       24.00    -1843.2830
    92   158       88.00       27.00    -1839.2860
    92   158       88.00       30.00    -1835.4160
    92   158       88.00       33.00    -1829.3030
    92   158       88.00       36.00    -1821.7140
    92   158       88.00       39.00    -1814.0560
    92   158       88.00       42.00    -1806.2550
    92   158       88.00       45.00    -1798.9330
    92   158       88.00       48.00    -1797.1341
    92   158       88.00       51.00    -1799.7581
    92   158       88.00       54.00    -1794.9666
    92   158       88.00       57.00    -1786.5740
    92   158       88.00       60.00    -1777.3355
    92   158       96.00        0.00    -1859.8130
    92   158       96.00        3.00    -1858.6940
    92   158       96.00        6.00    -1856.2090
    92   158       96.00        9.00    -1852.8220
    92   158       96.00       12.00    -1850.1010
    92   158       96.00       15.00    -1849.2960
    92   158       96.00       18.00    -1847.5050
    92   158       96.00       21.00    -1845.6170
    92   158       96.00       24.00    -1843.7410
    92   158       96.00       27.00    -1840.6690
    92   158       96.00       30.00    -1837.3150
    92   158       96.00       33.00    -1832.8120
    92   158       96.00       36.00    -1825.9240
    92   158       96.00       39.00    -1817.8090
    92   158       96.00       42.00    -1810.5370
    92   158       96.00       45.00    -1803.2840
    92   158       96.00       48.00    -1796.8280
    92   158       96.00       51.00    -1801.7190
    92   158       96.00       54.00    -1799.0570
    92   158       96.00       57.00    -1792.2000
    92   158       96.00       60.00    -1783.4640
    92   158      104.00        0.00    -1860.3590
    92   158      104.00        3.00    -1859.4340
    92   158      104.00        6.00    -1857.4600
    92   158      104.00        9.00    -1854.7400
    92   158      104.00       12.00    -1851.0570
    92   158      104.00       15.00    -1847.9770
    92   158      104.00       18.00    -1846.5160
    92   158      104.00       21.00    -1844.5390
    92   158      104.00       24.00    -1843.1080
    92   158      104.00       27.00    -1841.3950
    92   158      104.00       30.00    -1838.6600
    92   158      104.00       33.00    -1834.7630
    92   158      104.00       36.00    -1829.3240
    92   158      104.00       39.00    -1821.8310
    92   158      104.00       42.00    -1814.5230
    92   158      104.00       45.00    -1807.9960
    92   158      104.00       48.00    -1801.9470
    92   158      104.00       51.00    -1801.3261
    92   158      104.00       54.00    -1801.0530
    92   158      104.00       57.00    -1796.8022
    92   158      104.00       60.00    -1788.1720
    92   158      112.00        0.00    -1860.2860
    92   158      112.00        3.00    -1859.7360
    92   158      112.00        6.00    -1858.1960
    92   158      112.00        9.00    -1855.7300
    92   158      112.00       12.00    -1852.6160
    92   158      112.00       15.00    -1848.8350
    92   158      112.00       18.00    -1845.8330
    92   158      112.00       21.00    -1843.6850
    92   158      112.00       24.00    -1841.8860
    92   158      112.00       27.00    -1840.8620
    92   158      112.00       30.00    -1839.1250
    92   158      112.00       33.00    -1836.3390
    92   158      112.00       36.00    -1831.9920
    92   158      112.00       39.00    -1825.8860
    92   158      112.00       42.00    -1818.4690
    92   158      112.00       45.00    -1812.4800
    92   158      112.00       48.00    -1806.4220
    92   158      112.00       51.00    -1801.2156
    92   158      112.00       54.00    -1801.3570
    92   158      112.00       57.00    -1799.5687
    92   158      112.00       60.00    -1793.7190
    92   158      120.00        0.00    -1859.1000
    92   158      120.00        3.00    -1858.7240
    92   158      120.00        6.00    -1857.8610
    92   158      120.00        9.00    -1856.2450
    92   158      120.00       12.00    -1853.7700
    92   158      120.00       15.00    -1850.6460
    92   158      120.00       18.00    -1846.6400
    92   158      120.00       21.00    -1843.2580
    92   158      120.00       24.00    -1840.9030
    92   158      120.00       27.00    -1839.6800
    92   158      120.00       30.00    -1838.8360
    92   158      120.00       33.00    -1836.9370
    92   158      120.00       36.00    -1834.2350
    92   158      120.00       39.00    -1829.4120
    92   158      120.00       42.00    -1822.5610
    92   158      120.00       45.00    -1816.5740
    92   158      120.00       48.00    -1810.5770
    92   158      120.00       51.00    -1804.5170
    92   158      120.00       54.00    -1803.7087
    92   158      120.00       57.00    -1800.1310
    92   158      120.00       60.00    -1797.6000
    92   158      128.00        0.00    -1858.6170
    92   158      128.00        3.00    -1857.7430
    92   158      128.00        6.00    -1856.4920
    92   158      128.00        9.00    -1855.7900
    92   158      128.00       12.00    -1854.3030
    92   158      128.00       15.00    -1851.9930
    92   158      128.00       18.00    -1848.8400
    92   158      128.00       21.00    -1844.2790
    92   158      128.00       24.00    -1840.4540
    92   158      128.00       27.00    -1838.7860
    92   158      128.00       30.00    -1838.1130
    92   158      128.00       33.00    -1836.9920
    92   158      128.00       36.00    -1835.6360
    92   158      128.00       39.00    -1832.9870
    92   158      128.00       42.00    -1827.6990
    92   158      128.00       45.00    -1820.6840
    92   158      128.00       48.00    -1815.2150
    92   158      128.00       51.00    -1811.3200
    92   158      128.00       54.00    -1807.9438
    92   158      128.00       57.00    -1800.1570
    92   158      128.00       60.00    -1800.4470
    92   158      136.00        0.00    -1858.2710
    92   158      136.00        3.00    -1857.5740
    92   158      136.00        6.00    -1855.2300
    92   158      136.00        9.00    -1854.9660
    92   158      136.00       12.00    -1854.5480
    92   158      136.00       15.00    -1852.7470
    92   158      136.00       18.00    -1850.2250
    92   158      136.00       21.00    -1846.7740
    92   158      136.00       24.00    -1841.5340
    92   158      136.00       27.00    -1838.2340
    92   158      136.00       30.00    -1837.1950
    92   158      136.00       33.00    -1836.5300
    92   158      136.00       36.00    -1835.1400
    92   158      136.00       39.00    -1834.5160
    92   158      136.00       42.00    -1831.7800
    92   158      136.00       45.00    -1826.2490
    92   158      136.00       48.00    -1820.1740
    92   158      136.00       51.00    -1814.5470
    92   158      136.00       54.00    -1812.6190
    92   158      136.00       57.00    -1806.0939
    92   158      136.00       60.00    -1800.7780
    92   158      144.00        0.00    -1857.6170
    92   158      144.00        3.00    -1857.3410
    92   158      144.00        6.00    -1855.1920
    92   158      144.00        9.00    -1854.8880
    92   158      144.00       12.00    -1855.2720
    92   158      144.00       15.00    -1854.0090
    92   158      144.00       18.00    -1851.5480
    92   158      144.00       21.00    -1848.3550
    92   158      144.00       24.00    -1844.4670
    92   158      144.00       27.00    -1838.8330
    92   158      144.00       30.00    -1836.7310
    92   158      144.00       33.00    -1835.6980
    92   158      144.00       36.00    -1834.6460
    92   158      144.00       39.00    -1833.8820
    92   158      144.00       42.00    -1833.3360
    92   158      144.00       45.00    -1830.5300
    92   158      144.00       48.00    -1825.0090
    92   158      144.00       51.00    -1819.6310
    92   158      144.00       54.00    -1816.0350
    92   158      144.00       57.00    -1812.9580
    92   158      144.00       60.00    -1807.1640
    92   158      152.00        0.00    -1856.9780
    92   158      152.00        3.00    -1856.9450
    92   158      152.00        6.00    -1855.9210
    92   158      152.00        9.00    -1856.2910
    92   158      152.00       12.00    -1856.7980
    92   158      152.00       15.00    -1855.8200
    92   158      152.00       18.00    -1853.2550
    92   158      152.00       21.00    -1850.0070
    92   158      152.00       24.00    -1846.2060
    92   158      152.00       27.00    -1841.7820
    92   158      152.00       30.00    -1836.8930
    92   158      152.00       33.00    -1835.1800
    92   158      152.00       36.00    -1833.8840
    92   158      152.00       39.00    -1832.3800
    92   158      152.00       42.00    -1832.2040
    92   158      152.00       45.00    -1831.4760
    92   158      152.00       48.00    -1828.4930
    92   158      152.00       51.00    -1822.8270
    92   158      152.00       54.00    -1817.4020
    92   158      152.00       57.00    -1814.8650
    92   158      152.00       60.00    -1810.2580
    92   158      160.00        0.00    -1856.6440
    92   158      160.00        3.00    -1856.5840
    92   158      160.00        6.00    -1856.6810
    92   158      160.00        9.00    -1857.4390
    92   158      160.00       12.00    -1858.2700
    92   158      160.00       15.00    -1857.7490
    92   158      160.00       18.00    -1855.1330
    92   158      160.00       21.00    -1851.8590
    92   158      160.00       24.00    -1848.0870
    92   158      160.00       27.00    -1844.3570
    92   158      160.00       30.00    -1839.7530
    92   158      160.00       33.00    -1835.5910
    92   158      160.00       36.00    -1833.5800
    92   158      160.00       39.00    -1831.9700
    92   158      160.00       42.00    -1830.5810
    92   158      160.00       45.00    -1830.4660
    92   158      160.00       48.00    -1829.5850
    92   158      160.00       51.00    -1826.6310
    92   158      160.00       54.00    -1820.9350
    92   158      160.00       57.00    -1814.8584
    92   158      160.00       60.00    -1812.5767
    92   158      168.00        0.00    -1856.3040
    92   158      168.00        3.00    -1856.3000
    92   158      168.00        6.00    -1856.9470
    92   158      168.00        9.00    -1857.8810
    92   158      168.00       12.00    -1860.0410
    92   158      168.00       15.00    -1859.8800
    92   158      168.00       18.00    -1857.6510
    92   158      168.00       21.00    -1854.2910
    92   158      168.00       24.00    -1850.0880
    92   158      168.00       27.00    -1846.3250
    92   158      168.00       30.00    -1842.5870
    92   158      168.00       33.00    -1838.2500
    92   158      168.00       36.00    -1834.3250
    92   158      168.00       39.00    -1831.5360
    92   158      168.00       42.00    -1829.9590
    92   158      168.00       45.00    -1828.6110
    92   158      168.00       48.00    -1828.4010
    92   158      168.00       51.00    -1826.6480
    92   158      168.00       54.00    -1823.2960
    92   158      168.00       57.00    -1814.6941
    92   158      168.00       60.00    -1815.5118
    92   158      176.00        0.00    -1855.8140
    92   158      176.00        3.00    -1855.9390
    92   158      176.00        6.00    -1856.7140
    92   158      176.00        9.00    -1858.4077
    92   158      176.00       12.00    -1861.0530
    92   158      176.00       15.00    -1861.8300
    92   158      176.00       18.00    -1860.4230
    92   158      176.00       21.00    -1857.3610
    92   158      176.00       24.00    -1853.1850
    92   158      176.00       27.00    -1848.1250
    92   158      176.00       30.00    -1844.5650
    92   158      176.00       33.00    -1841.0040
    92   158      176.00       36.00    -1836.7690
    92   158      176.00       39.00    -1832.5510
    92   158      176.00       42.00    -1829.6070
    92   158      176.00       45.00    -1828.2270
    92   158      176.00       48.00    -1826.8570
    92   158      176.00       51.00    -1825.4710
    92   158      176.00       54.00    -1822.2010
    92   158      176.00       57.00    -1815.1895
    92   158      176.00       60.00    -1818.9003
    92   158      184.00        0.00    -1855.3100
    92   158      184.00        3.00    -1855.5010
    92   158      184.00        6.00    -1856.1650
    92   158      184.00        9.00    -1858.7210
    92   158      184.00       12.00    -1861.1580
    92   158      184.00       15.00    -1862.6450
    92   158      184.00       18.00    -1862.2580
    92   158      184.00       21.00    -1859.7810
    92   158      184.00       24.00    -1855.9760
    92   158      184.00       27.00    -1851.1390
    92   158      184.00       30.00    -1846.3470
    92   158      184.00       33.00    -1842.7320
    92   158      184.00       36.00    -1839.4460
    92   158      184.00       39.00    -1834.8300
    92   158      184.00       42.00    -1830.2440
    92   158      184.00       45.00    -1828.4967
    92   158      184.00       48.00    -1827.1100
    92   158      184.00       51.00    -1824.8500
    92   158      184.00       54.00    -1821.8540
    92   158      184.00       57.00    -1817.1620
    92   158      184.00       60.00    -1822.5794
    92   158      192.00        0.00    -1854.8980
    92   158      192.00        3.00    -1855.1150
    92   158      192.00        6.00    -1855.4930
    92   158      192.00        9.00    -1858.4200
    92   158      192.00       12.00    -1860.9620
    92   158      192.00       15.00    -1862.7580
    92   158      192.00       18.00    -1863.2550
    92   158      192.00       21.00    -1861.4950
    92   158      192.00       24.00    -1857.9930
    92   158      192.00       27.00    -1853.5770
    92   158      192.00       30.00    -1848.7180
    92   158      192.00       33.00    -1844.3120
    92   158      192.00       36.00    -1840.9580
    92   158      192.00       39.00    -1837.4240
    92   158      192.00       42.00    -1832.1610
    92   158      192.00       45.00    -1829.1992
    92   158      192.00       48.00    -1829.2136
    92   158      192.00       51.00    -1825.4425
    92   158      192.00       54.00    -1822.4310
    92   158      192.00       57.00    -1821.1235
    92   158      192.00       60.00    -1826.3863
    92   158      200.00        0.00    -1854.6450
    92   158      200.00        3.00    -1854.8620
    92   158      200.00        6.00    -1855.1190
    92   158      200.00        9.00    -1857.8840
    92   158      200.00       12.00    -1860.6130
    92   158      200.00       15.00    -1862.6770
    92   158      200.00       18.00    -1863.7980
    92   158      200.00       21.00    -1862.7860
    92   158      200.00       24.00    -1859.5490
    92   158      200.00       27.00    -1855.5660
    92   158      200.00       30.00    -1851.1390
    92   158      200.00       33.00    -1846.9080
    92   158      200.00       36.00    -1842.7380
    92   158      200.00       39.00    -1839.8140
    92   158      200.00       42.00    -1836.0450
    92   158      200.00       45.00    -1830.5270
    92   158      200.00       48.00    -1831.3122
    92   158      200.00       51.00    -1827.2248
    92   158      200.00       54.00    -1825.4253
    92   158      200.00       57.00    -1826.3636
    92   158      200.00       60.00    -1830.1582
    92   158      208.00        0.00    -1854.2820
    92   158      208.00        3.00    -1854.4960
    92   158      208.00        6.00    -1854.7680
    92   158      208.00        9.00    -1856.8700
    92   158      208.00       12.00    -1859.7550
    92   158      208.00       15.00    -1862.1780
    92   158      208.00       18.00    -1863.8320
    92   158      208.00       21.00    -1863.5620
    92   158      208.00       24.00    -1860.6900
    92   158      208.00       27.00    -1856.8930
    92   158      208.00       30.00    -1852.8200
    92   158      208.00       33.00    -1848.7070
    92   158      208.00       36.00    -1844.5500
    92   158      208.00       39.00    -1840.6410
    92   158      208.00       42.00    -1837.4640
    92   158      208.00       45.00    -1832.8320
    92   158      208.00       48.00    -1831.1860
    92   158      208.00       51.00    -1830.0040
    92   158      208.00       54.00    -1830.0976
    92   158      208.00       57.00    -1831.8666
    92   158      208.00       60.00    -1833.7322
    92   158      216.00        0.00    -1853.9950
    92   158      216.00        3.00    -1854.2010
    92   158      216.00        6.00    -1854.5240
    92   158      216.00        9.00    -1855.2260
    92   158      216.00       12.00    -1858.7090
    92   158      216.00       15.00    -1861.3850
    92   158      216.00       18.00    -1863.5150
    92   158      216.00       21.00    -1863.9410
    92   158      216.00       24.00    -1861.7320
    92   158      216.00       27.00    -1858.2240
    92   158      216.00       30.00    -1854.7060
    92   158      216.00       33.00    -1850.6410
    92   158      216.00       36.00    -1846.7760
    92   158      216.00       39.00    -1837.1440
    92   158      216.00       42.00    -1839.2510
    92   158      216.00       45.00    -1835.9410
    92   158      216.00       48.00    -1829.3460
    92   158      216.00       51.00    -1831.2010
    92   158      216.00       54.00    -1834.9097
    92   158      216.00       57.00    -1836.6167
    92   158      216.00       60.00    -1836.9454
    92   158      224.00        0.00    -1853.6220
    92   158      224.00        3.00    -1853.8260
    92   158      224.00        6.00    -1854.2300
    92   158      224.00        9.00    -1854.7200
    92   158      224.00       12.00    -1857.5110
    92   158      224.00       15.00    -1860.3600
    92   158      224.00       18.00    -1862.6920
    92   158      224.00       21.00    -1863.7690
    92   158      224.00       24.00    -1862.3320
    92   158      224.00       27.00    -1859.1560
    92   158      224.00       30.00    -1856.0510
    92   158      224.00       33.00    -1852.2700
    92   158      224.00       36.00    -1848.2860
    92   158      224.00       39.00    -1839.0030
    92   158      224.00       42.00    -1837.0250
    92   158      224.00       45.00    -1836.6620
    92   158      224.00       48.00    -1832.4620
    92   158      224.00       51.00    -1826.4750
    92   158      224.00       54.00    -1838.3230
    92   158      224.00       57.00    -1839.5980
    92   158      224.00       60.00    -1839.6350
    92   158      232.00        0.00    -1853.2730
    92   158      232.00        3.00    -1853.4760
    92   158      232.00        6.00    -1853.9790
    92   158      232.00        9.00    -1854.4100
    92   158      232.00       12.00    -1855.8860
    92   158      232.00       15.00    -1859.3220
    92   158      232.00       18.00    -1861.6790
    92   158      232.00       21.00    -1863.2910
    92   158      232.00       24.00    -1862.5980
    92   158      232.00       27.00    -1859.8570
    92   158      232.00       30.00    -1857.0200
    92   158      232.00       33.00    -1853.8100
    92   158      232.00       36.00    -1850.0000
    92   158      232.00       39.00    -1845.7930
    92   158      232.00       42.00    -1838.9270
    92   158      232.00       45.00    -1836.7030
    92   158      232.00       48.00    -1834.2560
    92   158      232.00       51.00    -1832.3020
    92   158      232.00       54.00    -1839.5700
    92   158      232.00       57.00    -1840.8300
    92   158      232.00       60.00    -1841.6840
    92   158      240.00        0.00    -1852.9870
    92   158      240.00        3.00    -1853.1930
    92   158      240.00        6.00    -1853.7870
    92   158      240.00        9.00    -1854.2550
    92   158      240.00       12.00    -1855.4640
    92   158      240.00       15.00    -1858.5250
    92   158      240.00       18.00    -1860.8800
    92   158      240.00       21.00    -1862.7510
    92   158      240.00       24.00    -1862.6660
    92   158      240.00       27.00    -1860.4910
    92   158      240.00       30.00    -1857.8700
    92   158      240.00       33.00    -1855.4150
    92   158      240.00       36.00    -1852.0210
    92   158      240.00       39.00    -1847.7530
    92   158      240.00       42.00    -1840.5740
    92   158      240.00       45.00    -1838.6030
    92   158      240.00       48.00    -1836.0730
    92   158      240.00       51.00    -1839.6360
    92   158      240.00       54.00    -1841.1030
    92   158      240.00       57.00    -1842.3850
    92   158      240.00       60.00    -1843.3450
    92   158      248.00        0.00    -1852.8420
    92   158      248.00        3.00    -1853.0570
    92   158      248.00        6.00    -1853.7220
    92   158      248.00        9.00    -1854.2590
    92   158      248.00       12.00    -1855.2320
    92   158      248.00       15.00    -1858.0100
    92   158      248.00       18.00    -1860.4350
    92   158      248.00       21.00    -1862.3360
    92   158      248.00       24.00    -1862.7280
    92   158      248.00       27.00    -1861.1030
    92   158      248.00       30.00    -1858.6020
    92   158      248.00       33.00    -1856.9530
    92   158      248.00       36.00    -1854.2830
    92   158      248.00       39.00    -1850.6130
    92   158      248.00       42.00    -1845.9820
    92   158      248.00       45.00    -1840.4190
    92   158      248.00       48.00    -1838.1640
    92   158      248.00       51.00    -1835.4600
    92   158      248.00       54.00    -1842.1510
    92   158      248.00       57.00    -1843.0940
    92   158      248.00       60.00    -1844.8190
    92   158      256.00        0.00    -1852.7770
    92   158      256.00        3.00    -1853.0150
    92   158      256.00        6.00    -1853.7370
    92   158      256.00        9.00    -1854.3100
    92   158      256.00       12.00    -1855.1060
    92   158      256.00       15.00    -1857.7280
    92   158      256.00       18.00    -1860.2160
    92   158      256.00       21.00    -1862.0370
    92   158      256.00       24.00    -1862.7390
    92   158      256.00       27.00    -1861.6030
    92   158      256.00       30.00    -1859.2320
    92   158      256.00       33.00    -1857.6660
    92   158      256.00       36.00    -1855.6050
    92   158      256.00       39.00    -1852.5050
    92   158      256.00       42.00    -1848.2250
    92   158      256.00       45.00    -1841.7560
    92   158      256.00       48.00    -1839.8330
    92   158      256.00       51.00    -1837.2360
    92   158      256.00       54.00    -1834.5190
    92   158      256.00       57.00    -1844.8680
    92   158      256.00       60.00    -1846.0280
    92   158      264.00        0.00    -1848.6520
    92   158      264.00        3.00    -1849.0430
    92   158      264.00        6.00    -1854.0970
    92   158      264.00        9.00    -1854.5990
    92   158      264.00       12.00    -1854.0780
    92   158      264.00       15.00    -1857.8210
    92   158      264.00       18.00    -1860.3010
    92   158      264.00       21.00    -1862.1000
    92   158      264.00       24.00    -1862.9450
    92   158      264.00       27.00    -1862.2570
    92   158      264.00       30.00    -1860.1410
    92   158      264.00       33.00    -1858.1810
    92   158      264.00       36.00    -1856.9200
    92   158      264.00       39.00    -1854.4130
    92   158      264.00       42.00    -1850.7970
    92   158      264.00       45.00    -1843.2370
    92   158      264.00       48.00    -1841.3980
    92   158      264.00       51.00    -1839.2120
    92   158      264.00       54.00    -1836.4720
    92   158      264.00       57.00    -1834.0740
    92   158      264.00       60.00    -1847.0350
    92   158      272.00        0.00    -1849.0640
    92   158      272.00        3.00    -1849.4750
    92   158      272.00        6.00    -1850.6280
    92   158      272.00        9.00    -1852.1410
    92   158      272.00       12.00    -1853.9860
    92   158      272.00       15.00    -1857.7780
    92   158      272.00       18.00    -1860.2170
    92   158      272.00       21.00    -1862.0560
    92   158      272.00       24.00    -1862.9460
    92   158      272.00       27.00    -1862.5950
    92   158      272.00       30.00    -1860.8700
    92   158      272.00       33.00    -1859.1560
    92   158      272.00       36.00    -1857.0660
    92   158      272.00       39.00    -1855.3590
    92   158      272.00       42.00    -1852.1950
    92   158      272.00       45.00    -1847.9350
    92   158      272.00       48.00    -1842.4240
    92   158      272.00       51.00    -1840.4870
    92   158      272.00       54.00    -1838.0140
    92   158      272.00       57.00    -1847.4390
    92   158      272.00       60.00    -1833.6310
    92   158      280.00        0.00    -1849.4150
    92   158      280.00        3.00    -1849.8070
    92   158      280.00        6.00    -1850.8980
    92   158      280.00        9.00    -1853.0160
    92   158      280.00       12.00    -1855.1760
    92   158      280.00       15.00    -1857.8010
    92   158      280.00       18.00    -1860.2030
    92   158      280.00       21.00    -1862.0950
    92   158      280.00       24.00    -1863.0630
    92   158      280.00       27.00    -1862.9540
    92   158      280.00       30.00    -1861.7820
    92   158      280.00       33.00    -1860.1680
    92   158      280.00       36.00    -1858.6370
    92   158      280.00       39.00    -1856.8400
    92   158      280.00       42.00    -1854.5000
    92   158      280.00       45.00    -1851.0980
    92   158      280.00       48.00    -1844.0360
    92   158      280.00       51.00    -1841.8600
    92   158      280.00       54.00    -1839.8560
    92   158      280.00       57.00    -1833.6080
    92   158      280.00       60.00    -1849.8170
    92   158      288.00        0.00    -1860.5110
    92   158      288.00        3.00    -1850.6680
    92   158      288.00        6.00    -1851.0590
    92   158      288.00        9.00    -1853.2110
    92   158      288.00       12.00    -1855.2270
    92   158      288.00       15.00    -1857.6870
    92   158      288.00       18.00    -1859.9990
    92   158      288.00       21.00    -1861.8780
    92   158      288.00       24.00    -1863.0080
    92   158      288.00       27.00    -1863.0730
    92   158      288.00       30.00    -1862.4890
    92   158      288.00       33.00    -1861.0610
    92   158      288.00       36.00    -1859.6530
    92   158      288.00       39.00    -1857.7050
    92   158      288.00       42.00    -1855.0520
    92   158      288.00       45.00    -1852.1300
    92   158      288.00       48.00    -1848.1540
    92   158      288.00       51.00    -1842.7810
    92   158      288.00       54.00    -1835.8430
    92   158      288.00       57.00    -1835.1080
    92   158      288.00       60.00    -1850.9870
    92   158      296.00        0.00    -1849.8430
    92   158      296.00        3.00    -1850.2030
    92   158      296.00        6.00    -1851.2060
    92   158      296.00        9.00    -1853.3580
    92   158      296.00       12.00    -1855.2970
    92   158      296.00       15.00    -1857.6090
    92   158      296.00       18.00    -1859.7760
    92   158      296.00       21.00    -1861.5960
    92   158      296.00       24.00    -1862.9410
    92   158      296.00       27.00    -1863.2240
    92   158      296.00       30.00    -1863.1770
    92   158      296.00       33.00    -1862.3340
    92   158      296.00       36.00    -1860.7570
    92   158      296.00       39.00    -1859.1840
    92   158      296.00       42.00    -1856.9780
    92   158      296.00       45.00    -1853.7844
    92   158      296.00       48.00    -1851.1040
    92   158      296.00       51.00    -1840.6060
    92   158      296.00       54.00    -1839.4860
    92   158      296.00       57.00    -1836.5410
    92   158      296.00       60.00    -1836.1020
    92   158      304.00        0.00    -1850.0790
    92   158      304.00        3.00    -1850.4240
    92   158      304.00        6.00    -1851.3860
    92   158      304.00        9.00    -1853.6430
    92   158      304.00       12.00    -1855.4590
    92   158      304.00       15.00    -1857.5760
    92   158      304.00       18.00    -1859.5580
    92   158      304.00       21.00    -1861.2810
    92   158      304.00       24.00    -1862.8150
    92   158      304.00       27.00    -1863.3220
    92   158      304.00       30.00    -1863.6160
    92   158      304.00       33.00    -1863.3360
    92   158      304.00       36.00    -1862.0740
    92   158      304.00       39.00    -1860.4320
    92   158      304.00       42.00    -1858.4060
    92   158      304.00       45.00    -1855.7920
    92   158      304.00       48.00    -1852.6200
    92   158      304.00       51.00    -1849.7370
    92   158      304.00       54.00    -1841.9720
    92   158      304.00       57.00    -1837.6350
    92   158      304.00       60.00    -1836.9050
    92   158      312.00        0.00    -1850.2540
    92   158      312.00        3.00    -1850.5800
    92   158      312.00        6.00    -1851.5100
    92   158      312.00        9.00    -1853.9210
    92   158      312.00       12.00    -1855.6030
    92   158      312.00       15.00    -1857.5090
    92   158      312.00       18.00    -1859.3270
    92   158      312.00       21.00    -1860.9430
    92   158      312.00       24.00    -1862.6240
    92   158      312.00       27.00    -1863.3270
    92   158      312.00       30.00    -1863.8230
    92   158      312.00       33.00    -1864.0220
    92   158      312.00       36.00    -1863.2050
    92   158      312.00       39.00    -1861.7330
    92   158      312.00       42.00    -1859.8670
    92   158      312.00       45.00    -1857.4240
    92   158      312.00       48.00    -1854.3680
    92   158      312.00       51.00    -1851.8280
    92   158      312.00       54.00    -1840.4540
    92   158      312.00       57.00    -1838.7970
    92   158      312.00       60.00    -1837.7310
    92   158      320.00        0.00    -1850.3570
    92   158      320.00        3.00    -1850.6690
    92   158      320.00        6.00    -1851.5700
    92   158      320.00        9.00    -1852.9110
    92   158      320.00       12.00    -1855.6600
    92   158      320.00       15.00    -1857.4060
    92   158      320.00       18.00    -1859.1030
    92   158      320.00       21.00    -1860.6130
    92   158      320.00       24.00    -1862.4490
    92   158      320.00       27.00    -1863.3010
    92   158      320.00       30.00    -1863.9060
    92   158      320.00       33.00    -1864.4620
    92   158      320.00       36.00    -1864.1590
    92   158      320.00       39.00    -1862.9910
    92   158      320.00       42.00    -1861.4260
    92   158      320.00       45.00    -1859.2860
    92   158      320.00       48.00    -1856.4980
    92   158      320.00       51.00    -1853.8700
    92   158      320.00       54.00    -1842.1110
    92   158      320.00       57.00    -1840.3460
    92   158      320.00       60.00    -1844.6590
    92   158      328.00        0.00    -1850.4120
    92   158      328.00        3.00    -1850.7090
    92   158      328.00        6.00    -1851.5820
    92   158      328.00        9.00    -1852.9220
    92   158      328.00       12.00    -1854.4870
    92   158      328.00       15.00    -1856.2050
    92   158      328.00       18.00    -1858.1060
    92   158      328.00       21.00    -1860.2220
    92   158      328.00       24.00    -1862.2550
    92   158      328.00       27.00    -1863.1410
    92   158      328.00       30.00    -1863.7770
    92   158      328.00       33.00    -1864.5080
    92   158      328.00       36.00    -1864.6490
    92   158      328.00       39.00    -1863.8370
    92   158      328.00       42.00    -1862.5020
    92   158      328.00       45.00    -1860.7030
    92   158      328.00       48.00    -1858.2010
    92   158      328.00       51.00    -1854.9450
    92   158      328.00       54.00    -1843.4360
    92   158      328.00       57.00    -1841.4340
    92   158      328.00       60.00    -1839.8560
    92   158      336.00        0.00    -1850.4480
    92   158      336.00        3.00    -1850.7350
    92   158      336.00        6.00    -1851.5720
    92   158      336.00        9.00    -1852.8890
    92   158      336.00       12.00    -1854.4950
    92   158      336.00       15.00    -1856.1960
    92   158      336.00       18.00    -1858.0250
    92   158      336.00       21.00    -1860.8700
    92   158      336.00       24.00    -1862.1520
    92   158      336.00       27.00    -1863.2950
    92   158      336.00       30.00    -1863.5590
    92   158      336.00       33.00    -1864.3340
    92   158      336.00       36.00    -1864.8180
    92   158      336.00       39.00    -1864.4040
    92   158      336.00       42.00    -1863.2950
    92   158      336.00       45.00    -1861.8170
    92   158      336.00       48.00    -1859.6770
    92   158      336.00       51.00    -1856.7610
    92   158      336.00       54.00    -1844.8130
    92   158      336.00       57.00    -1842.5450
    92   158      336.00       60.00    -1840.7030
    92   158      344.00        0.00    -1860.7030
    92   158      344.00        3.00    -1850.7430
    92   158      344.00        6.00    -1851.5340
    92   158      344.00        9.00    -1852.7850
    92   158      344.00       12.00    -1854.3240
    92   158      344.00       15.00    -1855.9290
    92   158      344.00       18.00    -1857.6720
    92   158      344.00       21.00    -1861.1840
    92   158      344.00       24.00    -1862.4960
    92   158      344.00       27.00    -1863.6430
    92   158      344.00       30.00    -1863.9380
    92   158      344.00       33.00    -1864.0270
    92   158      344.00       36.00    -1864.7370
    92   158      344.00       39.00    -1864.6770
    92   158      344.00       42.00    -1863.8420
    92   158      344.00       45.00    -1862.5790
    92   158      344.00       48.00    -1860.8200
    92   158      344.00       51.00    -1858.2800
    92   158      344.00       54.00    -1846.1040
    92   158      344.00       57.00    -1852.3340
    92   158      344.00       60.00    -1841.5860
    92   158      352.00        0.00    -1850.5140
    92   158      352.00        3.00    -1850.7650
    92   158      352.00        6.00    -1851.5050
    92   158      352.00        9.00    -1852.6720
    92   158      352.00       12.00    -1854.1170
    92   158      352.00       15.00    -1855.7080
    92   158      352.00       18.00    -1857.4280
    92   158      352.00       21.00    -1864.8075
    92   158      352.00       24.00    -1862.9390
    92   158      352.00       27.00    -1864.0570
    92   158      352.00       30.00    -1864.6920
    92   158      352.00       33.00    -1864.0830
    92   158      352.00       36.00    -1864.6420
    92   158      352.00       39.00    -1864.8990
    92   158      352.00       42.00    -1864.4160
    92   158      352.00       45.00    -1863.4050
    92   158      352.00       48.00    -1861.9990
    92   158      352.00       51.00    -1859.9690
    92   158      352.00       54.00    -1857.1430
    92   158      352.00       57.00    -1854.7570
    92   158      352.00       60.00    -1843.3130
    92   158      360.00        0.00    -1880.6440
    92   158      360.00        3.00    -1850.7940
    92   158      360.00        6.00    -1851.4740
    92   158      360.00        9.00    -1852.5670
    92   158      360.00       12.00    -1853.9450
    92   158      360.00       15.00    -1855.5290
    92   158      360.00       18.00    -1857.2420
    92   158      360.00       21.00    -1870.6367
    92   158      360.00       24.00    -1863.4200
    92   158      360.00       27.00    -1864.5480
    92   158      360.00       30.00    -1865.3730
    92   158      360.00       33.00    -1865.0730
    92   158      360.00       36.00    -1864.0010
    92   158      360.00       39.00    -1864.9960
    92   158      360.00       42.00    -1864.8110
    92   158      360.00       45.00    -1864.0890
    92   158      360.00       48.00    -1862.9160
    92   158      360.00       51.00    -1861.2600
    92   158      360.00       54.00    -1858.9310
    92   158      360.00       57.00    -1847.5150
    92   158      360.00       60.00    -1844.9670
    92   158      368.00        0.00    -1882.4130
    92   158      368.00        3.00    -1883.9410
    92   158      368.00        6.00    -1851.3420
    92   158      368.00        9.00    -1852.3870
    92   158      368.00       12.00    -1853.7100
    92   158      368.00       15.00    -1855.2760
    92   158      368.00       18.00    -1856.9840
    92   158      368.00       21.00    -1875.8820
    92   158      368.00       24.00    -1874.1000
    92   158      368.00       27.00    -1864.8970
    92   158      368.00       30.00    -1865.7930
    92   158      368.00       33.00    -1865.8100
    92   158      368.00       36.00    -1864.8380
    92   158      368.00       39.00    -1863.5890
    92   158      368.00       42.00    -1864.7460
    92   158      368.00       45.00    -1864.2540
    92   158      368.00       48.00    -1863.2950
    92   158      368.00       51.00    -1861.7830
    92   158      368.00       54.00    -1859.7600
    92   158      368.00       57.00    -1848.9270
    92   158      368.00       60.00    -1846.2540
    92   158      376.00        0.00    -1884.2450
    92   158      376.00        3.00    -1899.7500
    92   158      376.00        6.00    -1851.4070
    92   158      376.00        9.00    -1852.4240
    92   158      376.00       12.00    -1853.7070
    92   158      376.00       15.00    -1855.2560
    92   158      376.00       18.00    -1856.9570
    92   158      376.00       21.00    -1878.5889
    92   158      376.00       24.00    -1876.3810
    92   158      376.00       27.00    -1865.4730
    92   158      376.00       30.00    -1866.3470
    92   158      376.00       33.00    -1866.6430
    92   158      376.00       36.00    -1865.8890
    92   158      376.00       39.00    -1864.7210
    92   158      376.00       42.00    -1863.4640
    92   158      376.00       45.00    -1864.8120
    92   158      376.00       48.00    -1864.2190
    92   158      376.00       51.00    -1863.0320
    92   158      376.00       54.00    -1861.2650
    92   158      376.00       57.00    -1859.0280
    92   158      376.00       60.00    -1860.1860
    92   158      384.00        0.00    -1885.9090
    92   158      384.00        3.00    -1895.7299
    92   158      384.00        6.00    -1886.9100
    92   158      384.00        9.00    -1852.4070
    92   158      384.00       12.00    -1853.6480
    92   158      384.00       15.00    -1855.1780
    92   158      384.00       18.00    -1856.8470
    92   158      384.00       21.00    -1880.1440
    92   158      384.00       24.00    -1878.4130
    92   158      384.00       27.00    -1876.9010
    92   158      384.00       30.00    -1866.7740
    92   158      384.00       33.00    -1867.1940
    92   158      384.00       36.00    -1866.6630
    92   158      384.00       39.00    -1865.5480
    92   158      384.00       42.00    -1864.2730
    92   158      384.00       45.00    -1862.9250
    92   158      384.00       48.00    -1864.3000
    92   158      384.00       51.00    -1863.4010
    92   158      384.00       54.00    -1861.7730
    92   158      384.00       57.00    -1852.8900
    92   158      384.00       60.00    -1850.2680
    92   158      392.00        0.00    -1887.5610
    92   158      392.00        3.00    -1888.8790
    92   158      392.00        6.00    -1888.5620
    92   158      392.00        9.00    -1888.1020
    92   158      392.00       12.00    -1853.7320
    92   158      392.00       15.00    -1855.2520
    92   158      392.00       18.00    -1856.8860
    92   158      392.00       21.00    -1882.1400
    92   158      392.00       24.00    -1880.4570
    92   158      392.00       27.00    -1878.9570
    92   158      392.00       30.00    -1877.6190
    92   158      392.00       33.00    -1876.3960
    92   158      392.00       36.00    -1867.5620
    92   158      392.00       39.00    -1866.5310
    92   158      392.00       42.00    -1865.2020
    92   158      392.00       45.00    -1863.6720
    92   158      392.00       48.00    -1861.7820
    92   158      392.00       51.00    -1859.4670
    92   158      392.00       54.00    -1857.1150
    92   158      392.00       57.00    -1854.7550
    92   158      392.00       60.00    -1852.0630
    92   158      400.00        0.00    -1889.1290
    92   158      400.00        3.00    -1890.3660
    92   158      400.00        6.00    -1890.1180
    92   158      400.00        9.00    -1889.7450
    92   158      400.00       12.00    -1853.8060
    92   158      400.00       15.00    -1855.2930
    92   158      400.00       18.00    -1856.8550
    92   158      400.00       21.00    -1884.0110
    92   158      400.00       24.00    -1882.3710
    92   158      400.00       27.00    -1880.8650
    92   158      400.00       30.00    -1879.5390
    92   158      400.00       33.00    -1878.3120
    92   158      400.00       36.00    -1877.2840
    92   158      400.00       39.00    -1875.8050
    92   158      400.00       42.00    -1866.1990
    92   158      400.00       45.00    -1864.7880
    92   158      400.00       48.00    -1863.1030
    92   158      400.00       51.00    -1861.0120
    92   158      400.00       54.00    -1858.7520
    92   158      400.00       57.00    -1856.3760
    92   158      400.00       60.00    -1865.7290
    92   158      408.00        0.00    -1890.6830
    92   158      408.00        3.00    -1891.8400
    92   158      408.00        6.00    -1891.6600
    92   158      408.00        9.00    -1891.3620
    92   158      408.00       12.00    -1853.9550
    92   158      408.00       15.00    -1889.1310
    92   158      408.00       18.00    -1887.6020
    92   158      408.00       21.00    -1885.8690
    92   158      408.00       24.00    -1884.2840
    92   158      408.00       27.00    -1882.7780
    92   158      408.00       30.00    -1881.4690
    92   158      408.00       33.00    -1880.2570
    92   158      408.00       36.00    -1879.2430
    92   158      408.00       39.00    -1877.9550
    92   158      408.00       42.00    -1876.2070
    92   158      408.00       45.00    -1874.5400
    92   158      408.00       48.00    -1864.4920
    92   158      408.00       51.00    -1862.7940
    92   158      408.00       54.00    -1860.8030
    92   158      408.00       57.00    -1857.5050
    92   158      408.00       60.00    -1855.6240
    92   158      416.00        0.00    -1892.1760
    92   158      416.00        3.00    -1893.2780
    92   158      416.00        6.00    -1893.4520
    92   158      416.00        9.00    -1892.9040
    92   158      416.00       12.00    -1854.1460
    92   158      416.00       15.00    -1898.8068
    92   158      416.00       18.00    -1902.3874
    92   158      416.00       21.00    -1887.6870
    92   158      416.00       24.00    -1886.1630
    92   158      416.00       27.00    -1884.6590
    92   158      416.00       30.00    -1883.3560
    92   158      416.00       33.00    -1882.1520
    92   158      416.00       36.00    -1881.1360
    92   158      416.00       39.00    -1880.0180
    92   158      416.00       42.00    -1878.5010
    92   158      416.00       45.00    -1876.9600
    92   158      416.00       48.00    -1875.4100
    92   158      416.00       51.00    -1873.8480
    92   158      416.00       54.00    -1862.4020
    92   158      416.00       57.00    -1860.4190
    92   158      416.00       60.00    -1858.7690
    92   158      424.00        0.00    -1893.6140
    92   158      424.00        3.00    -1894.6360
    92   158      424.00        6.00    -1894.8830
    92   158      424.00        9.00    -1894.3870
    92   158      424.00       12.00    -1893.4410
    92   158      424.00       15.00    -1892.4650
    92   158      424.00       18.00    -1898.8743
    92   158      424.00       21.00    -1889.3890
    92   158      424.00       24.00    -1887.9130
    92   158      424.00       27.00    -1886.4080
    92   158      424.00       30.00    -1885.1040
    92   158      424.00       33.00    -1883.9100
    92   158      424.00       36.00    -1882.8360
    92   158      424.00       39.00    -1881.8750
    92   158      424.00       42.00    -1880.4120
    92   158      424.00       45.00    -1878.9050
    92   158      424.00       48.00    -1877.3770
    92   158      424.00       51.00    -1875.8030
    92   158      424.00       54.00    -1874.2910
    92   158      424.00       57.00    -1872.9350
    92   158      424.00       60.00    -1871.7050
    92   158      432.00        0.00    -1895.0660
    92   158      432.00        3.00    -1895.9960
    92   158      432.00        6.00    -1896.3090
    92   158      432.00        9.00    -1895.8830
    92   158      432.00       12.00    -1895.0350
    92   158      432.00       15.00    -1894.0720
    92   158      432.00       18.00    -1892.7950
    92   158      432.00       21.00    -1891.2370
    92   158      432.00       24.00    -1889.6650
    92   158      432.00       27.00    -1888.1700
    92   158      432.00       30.00    -1886.8580
    92   158      432.00       33.00    -1885.6730
    92   158      432.00       36.00    -1884.5730
    92   158      432.00       39.00    -1883.6900
    92   158      432.00       42.00    -1882.3660
    92   158      432.00       45.00    -1880.8510
    92   158      432.00       48.00    -1879.3330
    92   158      432.00       51.00    -1877.7640
    92   158      432.00       54.00    -1876.2010
    92   158      432.00       57.00    -1874.7590
    92   158      432.00       60.00    -1873.3910
    92   158      440.00        0.00    -1896.4820
    92   158      440.00        3.00    -1897.3350
    92   158      440.00        6.00    -1897.7120
    92   158      440.00        9.00    -1897.3390
    92   158      440.00       12.00    -1896.5830
    92   158      440.00       15.00    -1895.6320
    92   158      440.00       18.00    -1894.4670
    92   158      440.00       21.00    -1892.9640
    92   158      440.00       24.00    -1891.3990
    92   158      440.00       27.00    -1889.9480
    92   158      440.00       30.00    -1888.6540
    92   158      440.00       33.00    -1887.5000
    92   158      440.00       36.00    -1886.4220
    92   158      440.00       39.00    -1885.5790
    92   158      440.00       42.00    -1884.4360
    92   158      440.00       45.00    -1882.9850
    92   158      440.00       48.00    -1881.5060
    92   158      440.00       51.00    -1879.9960
    92   158      440.00       54.00    -1878.4420
    92   158      440.00       57.00    -1876.9540
    92   158      440.00       60.00    -1875.5860
    92   158      448.00        0.00    -1897.8300
    92   158      448.00        3.00    -1898.6190
    92   158      448.00        6.00    -1899.0450
    92   158      448.00        9.00    -1898.7100
    92   158      448.00       12.00    -1898.0450
    92   158      448.00       15.00    -1897.1310
    92   158      448.00       18.00    -1896.0800
    92   158      448.00       21.00    -1894.6220
    92   158      448.00       24.00    -1893.0650
    92   158      448.00       27.00    -1891.6460
    92   158      448.00       30.00    -1890.3470
    92   158      448.00       33.00    -1889.1990
    92   158      448.00       36.00    -1888.1270
    92   158      448.00       39.00    -1887.2460
    92   158      448.00       42.00    -1886.2690
    92   158      448.00       45.00    -1884.8990
    92   158      448.00       48.00    -1883.2510
    92   158      448.00       51.00    -1882.0300
    92   158      448.00       54.00    -1880.5430
    92   158      448.00       57.00    -1879.0850
    92   158      448.00       60.00    -1877.7460
    92   158      456.00        0.00    -1899.1220
    92   158      456.00        3.00    -1899.8230
    92   158      456.00        6.00    -1900.2990
    92   158      456.00        9.00    -1900.0160
    92   158      456.00       12.00    -1899.4310
    92   158      456.00       15.00    -1898.5170
    92   158      456.00       18.00    -1897.5710
    92   158      456.00       21.00    -1896.1530
    92   158      456.00       24.00    -1894.6030
    92   158      456.00       27.00    -1893.2170
    92   158      456.00       30.00    -1891.9040
    92   158      456.00       33.00    -1890.7600
    92   158      456.00       36.00    -1889.6950
    92   158      456.00       39.00    -1888.7500
    92   158      456.00       42.00    -1887.9140
    92   158      456.00       45.00    -1886.6280
    92   158      456.00       48.00    -1885.2160
    92   158      456.00       51.00    -1883.7970
    92   158      456.00       54.00    -1882.3260
    92   158      456.00       57.00    -1880.8360
    92   158      456.00       60.00    -1879.4270
    92   158      464.00        0.00    -1900.3820
    92   158      464.00        3.00    -1900.9970
    92   158      464.00        6.00    -1901.5170
    92   158      464.00        9.00    -1901.2840
    92   158      464.00       12.00    -1900.7750
    92   158      464.00       15.00    -1899.8540
    92   158      464.00       18.00    -1898.9670
    92   158      464.00       21.00    -1897.6400
    92   158      464.00       24.00    -1896.0970
    92   158      464.00       27.00    -1894.7480
    92   158      464.00       30.00    -1893.4240
    92   158      464.00       33.00    -1892.2750
    92   158      464.00       36.00    -1891.2180
    92   158      464.00       39.00    -1890.2320
    92   158      464.00       42.00    -1889.4690
    92   158      464.00       45.00    -1888.3130
    92   158      464.00       48.00    -1886.7950
    92   158      464.00       51.00    -1885.5050
    92   158      464.00       54.00    -1884.0560
    92   158      464.00       57.00    -1882.5520
    92   158      464.00       60.00    -1881.0880
    92   158      472.00        0.00    -1901.7630
    92   158      472.00        3.00    -1902.3020
    92   158      472.00        6.00    -1902.8730
    92   158      472.00        9.00    -1902.6690
    92   158      472.00       12.00    -1902.2350
    92   158      472.00       15.00    -1901.3340
    92   158      472.00       18.00    -1900.5880
    92   158      472.00       21.00    -1899.3230
    92   158      472.00       24.00    -1897.9020
    92   158      472.00       27.00    -1896.4990
    92   158      472.00       30.00    -1895.2040
    92   158      472.00       33.00    -1894.0730
    92   158      472.00       36.00    -1893.0460
    92   158      472.00       39.00    -1892.0840
    92   158      472.00       42.00    -1891.3780
    92   158      472.00       45.00    -1890.3900
    92   158      472.00       48.00    -1889.0340
    92   158      472.00       51.00    -1887.7600
    92   158      472.00       54.00    -1886.1570
    92   158      472.00       57.00    -1884.7670
    92   158      472.00       60.00    -1883.3850
    92   158      480.00        0.00    -1902.9530
    92   158      480.00        3.00    -1903.2010
    92   158      480.00        6.00    -1904.0180
    92   158      480.00        9.00    -1903.8600
    92   158      480.00       12.00    -1903.4930
    92   158      480.00       15.00    -1902.5730
    92   158      480.00       18.00    -1901.9490
    92   158      480.00       21.00    -1900.7330
    92   158      480.00       24.00    -1899.0730
    92   158      480.00       27.00    -1897.9480
    92   158      480.00       30.00    -1896.6560
    92   158      480.00       33.00    -1895.5130
    92   158      480.00       36.00    -1894.4910
    92   158      480.00       39.00    -1893.5330
    92   158      480.00       42.00    -1892.7930
    92   158      480.00       45.00    -1891.9420
    92   158      480.00       48.00    -1890.7060
    92   158      480.00       51.00    -1889.2230
    92   158      480.00       54.00    -1887.8230
    92   158      480.00       57.00    -1886.4390
    92   158      480.00       60.00    -1885.0430
    92   158      488.00        0.00    -1904.1170
    92   158      488.00        3.00    -1904.3480
    92   158      488.00        6.00    -1905.1320
    92   158      488.00        9.00    -1905.0200
    92   158      488.00       12.00    -1904.7140
    92   158      488.00       15.00    -1903.8670
    92   158      488.00       18.00    -1903.2600
    92   158      488.00       21.00    -1902.1060
    92   158      488.00       24.00    -1900.7690
    92   158      488.00       27.00    -1899.3570
    92   158      488.00       30.00    -1898.0730
    92   158      488.00       33.00    -1896.9190
    92   158      488.00       36.00    -1895.8980
    92   158      488.00       39.00    -1894.9440
    92   158      488.00       42.00    -1894.1420
    92   158      488.00       45.00    -1893.4170
    92   158      488.00       48.00    -1892.2900
    92   158      488.00       51.00    -1890.8640
    92   158      488.00       54.00    -1889.4460
    92   158      488.00       57.00    -1888.0660
    92   158      488.00       60.00    -1886.6650
    92   158      496.00        0.00    -1905.2550
    92   158      496.00        3.00    -1905.4680
    92   158      496.00        6.00    -1906.2180
    92   158      496.00        9.00    -1906.1510
    92   158      496.00       12.00    -1905.9030
    92   158      496.00       15.00    -1905.1270
    92   158      496.00       18.00    -1904.5260
    92   158      496.00       21.00    -1903.4420
    92   158      496.00       24.00    -1901.9010
    92   158      496.00       27.00    -1900.7270
    92   158      496.00       30.00    -1899.4640
    92   158      496.00       33.00    -1898.2930
    92   158      496.00       36.00    -1897.2690
    92   158      496.00       39.00    -1896.3190
    92   158      496.00       42.00    -1895.4360
    92   158      496.00       45.00    -1894.8150
    92   158      496.00       48.00    -1893.8060
    92   158      496.00       51.00    -1892.5480
    92   158      496.00       54.00    -1891.2380
    92   158      496.00       57.00    -1889.6470
    92   158      496.00       60.00    -1888.2500
    92   158      504.00        0.00    -1906.3660
    92   158      504.00        3.00    -1906.5660
    92   158      504.00        6.00    -1907.2760
    92   158      504.00        9.00    -1907.2540
    92   158      504.00       12.00    -1907.0590
    92   158      504.00       15.00    -1906.3500
    92   158      504.00       18.00    -1905.7490
    92   158      504.00       21.00    -1904.7420
    92   158      504.00       24.00    -1903.4610
    92   158      504.00       27.00    -1902.0600
    92   158      504.00       30.00    -1900.8230
    92   158      504.00       33.00    -1899.6350
    92   158      504.00       36.00    -1898.6050
    92   158      504.00       39.00    -1897.6600
    92   158      504.00       42.00    -1896.7720
    92   158      504.00       45.00    -1896.1420
    92   158      504.00       48.00    -1895.2540
    92   158      504.00       51.00    -1894.0330
    92   158      504.00       54.00    -1892.5800
    92   158      504.00       57.00    -1891.4400
    92   158      504.00       60.00    -1890.0610
    92   158      512.00        0.00    -1907.5020
    92   158      512.00        3.00    -1907.6890
    92   158      512.00        6.00    -1908.3460
    92   158      512.00        9.00    -1908.3720
    92   158      512.00       12.00    -1908.2300
    92   158      512.00       15.00    -1907.5880
    92   158      512.00       18.00    -1906.9860
    92   158      512.00       21.00    -1906.0610
    92   158      512.00       24.00    -1904.8130
    92   158      512.00       27.00    -1903.4140
    92   158      512.00       30.00    -1902.2110
    92   158      512.00       33.00    -1901.0150
    92   158      512.00       36.00    -1899.9750
    92   158      512.00       39.00    -1899.0340
    92   158      512.00       42.00    -1898.1480
    92   158      512.00       45.00    -1897.4770
    92   158      512.00       48.00    -1896.7070
    92   158      512.00       51.00    -1895.5800
    92   158      512.00       54.00    -1894.1800
    92   158      512.00       57.00    -1892.7690
    92   158      512.00       60.00    -1891.3730
    92   158      520.00        0.00    -1908.5890
    92   158      520.00        3.00    -1908.7640
    92   158      520.00        6.00    -1909.3870
    92   158      520.00        9.00    -1909.4440
    92   158      520.00       12.00    -1909.3500
    92   158      520.00       15.00    -1908.7760
    92   158      520.00       18.00    -1908.2070
    92   158      520.00       21.00    -1907.3630
    92   158      520.00       24.00    -1906.1620
    92   158      520.00       27.00    -1904.8610
    92   158      520.00       30.00    -1903.5940
    92   158      520.00       33.00    -1902.4010
    92   158      520.00       36.00    -1901.3530
    92   158      520.00       39.00    -1900.4120
    92   158      520.00       42.00    -1899.5290
    92   158      520.00       45.00    -1898.7840
    92   158      520.00       48.00    -1898.1310
    92   158      520.00       51.00    -1897.1270
    92   158      520.00       54.00    -1895.9170
    92   158      520.00       57.00    -1894.4510
    92   158      520.00       60.00    -1893.1130
    92   158      528.00        0.00    -1909.7560
    92   158      528.00        3.00    -1909.9190
    92   158      528.00        6.00    -1910.4800
    92   158      528.00        9.00    -1910.5830
    92   158      528.00       12.00    -1910.5340
    92   158      528.00       15.00    -1910.0270
    92   158      528.00       18.00    -1909.4740
    92   158      528.00       21.00    -1908.6750
    92   158      528.00       24.00    -1907.5610
    92   158      528.00       27.00    -1906.3250
    92   158      528.00       30.00    -1905.0340
    92   158      528.00       33.00    -1903.8660
    92   158      528.00       36.00    -1902.8240
    92   158      528.00       39.00    -1901.9000
    92   158      528.00       42.00    -1901.0330
    92   158      528.00       45.00    -1900.2180
    92   158      528.00       48.00    -1899.6640
    92   158      528.00       51.00    -1898.7930
    92   158      528.00       54.00    -1897.6420
    92   158      528.00       57.00    -1896.2740
    92   158      528.00       60.00    -1894.9660
    92   158      536.00        0.00    -1910.7700
    92   158      536.00        3.00    -1910.9240
    92   158      536.00        6.00    -1911.4290
    92   158      536.00        9.00    -1911.5740
    92   158      536.00       12.00    -1911.5650
    92   158      536.00       15.00    -1911.1120
    92   158      536.00       18.00    -1910.5460
    92   158      536.00       21.00    -1909.8410
    92   158      536.00       24.00    -1908.7590
    92   158      536.00       27.00    -1907.5510
    92   158      536.00       30.00    -1906.2600
    92   158      536.00       33.00    -1905.1020
    92   158      536.00       36.00    -1904.0430
    92   158      536.00       39.00    -1903.1150
    92   158      536.00       42.00    -1902.2520
    92   158      536.00       45.00    -1901.4360
    92   158      536.00       48.00    -1900.8560
    92   158      536.00       51.00    -1900.0930
    92   158      536.00       54.00    -1899.0270
    92   158      536.00       57.00    -1897.8370
    92   158      536.00       60.00    -1896.3870
    92   158      544.00        0.00    -1911.7630
    92   158      544.00        3.00    -1911.9060
    92   158      544.00        6.00    -1912.3550
    92   158      544.00        9.00    -1912.5420
    92   158      544.00       12.00    -1912.5680
    92   158      544.00       15.00    -1912.1680
    92   158      544.00       18.00    -1911.5850
    92   158      544.00       21.00    -1910.9670
    92   158      544.00       24.00    -1909.9280
    92   158      544.00       27.00    -1908.5160
    92   158      544.00       30.00    -1907.4540
    92   158      544.00       33.00    -1906.3150
    92   158      544.00       36.00    -1905.2400
    92   158      544.00       39.00    -1904.3020
    92   158      544.00       42.00    -1903.4420
    92   158      544.00       45.00    -1902.6270
    92   158      544.00       48.00    -1901.9940
    92   158      544.00       51.00    -1901.3300
    92   158      544.00       54.00    -1900.3550
    92   158      544.00       57.00    -1899.1320
    92   158      544.00       60.00    -1897.7800
    92   158      552.00        0.00    -1912.8090
    92   158      552.00        3.00    -1912.9460
    92   158      552.00        6.00    -1913.3650
    92   158      552.00        9.00    -1913.5580
    92   158      552.00       12.00    -1913.6250
    92   158      552.00       15.00    -1913.2790
    92   158      552.00       18.00    -1912.7050
    92   158      552.00       21.00    -1912.1820
    92   158      552.00       24.00    -1911.2070
    92   158      552.00       27.00    -1910.0570
    92   158      552.00       30.00    -1908.7720
    92   158      552.00       33.00    -1907.6680
    92   158      552.00       36.00    -1906.5920
    92   158      552.00       39.00    -1905.6520
    92   158      552.00       42.00    -1904.7960
    92   158      552.00       45.00    -1903.9850
    92   158      552.00       48.00    -1903.3290
    92   158      552.00       51.00    -1902.7570
    92   158      552.00       54.00    -1901.8770
    92   158      552.00       57.00    -1900.7550
    92   158      552.00       60.00    -1899.5960
    92   158      560.00        0.00    -1913.7850
    92   158      560.00        3.00    -1913.9130
    92   158      560.00        6.00    -1914.2760
    92   158      560.00        9.00    -1914.5090
    92   158      560.00       12.00    -1914.6110
    92   158      560.00       15.00    -1914.3150
    92   158      560.00       18.00    -1913.7370
    92   158      560.00       21.00    -1913.2910
    92   158      560.00       24.00    -1912.3770
    92   158      560.00       27.00    -1911.2540
    92   158      560.00       30.00    -1909.9730
    92   158      560.00       33.00    -1908.8960
    92   158      560.00       36.00    -1907.8170
    92   158      560.00       39.00    -1906.8660
    92   158      560.00       42.00    -1906.0130
    92   158      560.00       45.00    -1905.2110
    92   158      560.00       48.00    -1904.4760
    92   158      560.00       51.00    -1904.0080
    92   158      560.00       54.00    -1903.2440
    92   158      560.00       57.00    -1902.2240
    92   158      560.00       60.00    -1900.9960
    92   158      568.00        0.00    -1914.7130
    92   158      568.00        3.00    -1914.8350
    92   158      568.00        6.00    -1915.0920
    92   158      568.00        9.00    -1915.4080
    92   158      568.00       12.00    -1915.5410
    92   158      568.00       15.00    -1915.2890
    92   158      568.00       18.00    -1914.6870
    92   158      568.00       21.00    -1914.3150
    92   158      568.00       24.00    -1913.4600
    92   158      568.00       27.00    -1912.3640
    92   158      568.00       30.00    -1911.2070
    92   158      568.00       33.00    -1910.0320
    92   158      568.00       36.00    -1908.9520
    92   158      568.00       39.00    -1907.9860
    92   158      568.00       42.00    -1907.1290
    92   158      568.00       45.00    -1906.3300
    92   158      568.00       48.00    -1905.5710
    92   158      568.00       51.00    -1905.0960
    92   158      568.00       54.00    -1904.4280
    92   158      568.00       57.00    -1903.4860
    92   158      568.00       60.00    -1902.4030
    92   158      576.00        0.00    -1915.6210
    92   158      576.00        3.00    -1915.7360
    92   158      576.00        6.00    -1916.0060
    92   158      576.00        9.00    -1916.2870
    92   158      576.00       12.00    -1916.4480
    92   158      576.00       15.00    -1916.2380
    92   158      576.00       18.00    -1915.1880
    92   158      576.00       21.00    -1915.3060
    92   158      576.00       24.00    -1914.5110
    92   158      576.00       27.00    -1913.4470
    92   158      576.00       30.00    -1912.3260
    92   158      576.00       33.00    -1911.1400
    92   158      576.00       36.00    -1910.0670
    92   158      576.00       39.00    -1909.0840
    92   158      576.00       42.00    -1908.2210
    92   158      576.00       45.00    -1907.4240
    92   158      576.00       48.00    -1906.6660
    92   158      576.00       51.00    -1906.1390
    92   158      576.00       54.00    -1905.5580
    92   158      576.00       57.00    -1904.7000
    92   158      576.00       60.00    -1903.6360
    92   158      584.00        0.00    -1916.5110
    92   158      584.00        3.00    -1916.6190
    92   158      584.00        6.00    -1916.8850
    92   158      584.00        9.00    -1917.1430
    92   158      584.00       12.00    -1917.3310
    92   158      584.00       15.00    -1917.1600
    92   158      584.00       18.00    -1916.6410
    92   158      584.00       21.00    -1916.2670
    92   158      584.00       24.00    -1915.4910
    92   158      584.00       27.00    -1914.5060
    92   158      584.00       30.00    -1913.4080
    92   158      584.00       33.00    -1912.2210
    92   158      584.00       36.00    -1911.1640
    92   158      584.00       39.00    -1910.1630
    92   158      584.00       42.00    -1909.2900
    92   158      584.00       45.00    -1908.4930
    92   158      584.00       48.00    -1907.7370
    92   158      584.00       51.00    -1907.1380
    92   158      584.00       54.00    -1906.6350
    92   158      584.00       57.00    -1905.8640
    92   158      584.00       60.00    -1904.8640
    92   158      592.00        0.00    -1917.4780
    92   158      592.00        3.00    -1917.5810
    92   158      592.00        6.00    -1917.8360
    92   158      592.00        9.00    -1918.0026
    92   158      592.00       12.00    -1918.2910
    92   158      592.00       15.00    -1918.1620
    92   158      592.00       18.00    -1917.7010
    92   158      592.00       21.00    -1917.3680
    92   158      592.00       24.00    -1916.6790
    92   158      592.00       27.00    -1915.7350
    92   158      592.00       30.00    -1914.6730
    92   158      592.00       33.00    -1913.4910
    92   158      592.00       36.00    -1912.4720
    92   158      592.00       39.00    -1911.4780
    92   158      592.00       42.00    -1910.6080
    92   158      592.00       45.00    -1909.8210
    92   158      592.00       48.00    -1909.0770
    92   158      592.00       51.00    -1908.3700
    92   158      592.00       54.00    -1907.9680
    92   158      592.00       57.00    -1907.3050
    92   158      592.00       60.00    -1906.4030
    92   158      600.00        0.00    -1918.3290
    92   158      600.00        3.00    -1918.4280
    92   158      600.00        6.00    -1918.6750
    92   158      600.00        9.00    -1918.8950
    92   158      600.00       12.00    -1919.1340
    92   158      600.00       15.00    -1919.0410
    92   158      600.00       18.00    -1918.6230
    92   158      600.00       21.00    -1918.2780
    92   158      600.00       24.00    -1917.6600
    92   158      600.00       27.00    -1916.7480
    92   158      600.00       30.00    -1915.7050
    92   158      600.00       33.00    -1914.5240
    92   158      600.00       36.00    -1913.5250
    92   158      600.00       39.00    -1912.5220
    92   158      600.00       42.00    -1911.6370
    92   158      600.00       45.00    -1910.8470
    92   158      600.00       48.00    -1910.1050
    92   158      600.00       51.00    -1909.4010
    92   158      600.00       54.00    -1908.9520
    92   158      600.00       57.00    -1908.3710
    92   158      600.00       60.00    -1907.5450
